[ 2017-07-10T20:46:06+08:00 ] ::1 /x086le/index.php
INFO: [ app_init ] --START--
INFO: Run Behavior\BuildLiteBehavior [ RunTime:0.000024s ]
INFO: [ app_init ] --END-- [ RunTime:0.000663s ]
INFO: [ app_begin ] --START--
INFO: Run Behavior\ReadHtmlCacheBehavior [ RunTime:0.000315s ]
INFO: [ app_begin ] --END-- [ RunTime:0.000392s ]
NOTIC: [2] Declaration of Home\Controller\CommonController::error($message = '') should be compatible with Think\Controller::error($message = '', $jumpUrl = '', $ajax = false) /Library/WebServer/Documents/x086le/Application/Home/Controller/CommonController.class.php 第 24 行.
NOTIC: [2] Declaration of Common\Model\NewsModel::find($id) should be compatible with Think\Model::find($options = Array) /Library/WebServer/Documents/x086le/Application/Common/Model/NewsModel.class.php 第 9 行.
SQL: SHOW COLUMNS FROM `cms_news` [ RunTime:0.0163s ]
SQL: SELECT * FROM `cms_news` WHERE `status` = 1 ORDER BY count desc,news_id desc  LIMIT 10   [ RunTime:0.0179s ]
NOTIC: [2] Declaration of Common\Model\PositionContentModel::find($id) should be compatible with Think\Model::find($options = Array) /Library/WebServer/Documents/x086le/Application/Common/Model/PositionContentModel.class.php 第 89 行.
SQL: SHOW COLUMNS FROM `cms_position_content` [ RunTime:0.0309s ]
NOTIC: [8] Undefined index: title /Library/WebServer/Documents/x086le/Application/Common/Model/PositionContentModel.class.php 第 18 行.
SQL: SELECT * FROM `cms_position_content` WHERE `status` = 1 AND `position_id` = 2 ORDER BY listorder desc ,id desc LIMIT 1   [ RunTime:0.0159s ]
NOTIC: [8] Undefined index: title /Library/WebServer/Documents/x086le/Application/Common/Model/PositionContentModel.class.php 第 18 行.
SQL: SELECT * FROM `cms_position_content` WHERE `status` = 1 AND `position_id` = 3 ORDER BY listorder desc ,id desc LIMIT 3   [ RunTime:0.0117s ]
SQL: SELECT * FROM `cms_news` WHERE `status` = 1 AND `thumb` <> '' ORDER BY news_id desc LIMIT 30   [ RunTime:0.0165s ]
NOTIC: [8] Undefined index: title /Library/WebServer/Documents/x086le/Application/Common/Model/PositionContentModel.class.php 第 18 行.
SQL: SELECT * FROM `cms_position_content` WHERE `status` = 1 AND `position_id` = 5 ORDER BY listorder desc ,id desc LIMIT 2   [ RunTime:0.0135s ]
INFO: [ view_parse ] --START--
INFO: [ template_filter ] --START--
INFO: Run Behavior\ContentReplaceBehavior [ RunTime:0.000055s ]
INFO: [ template_filter ] --END-- [ RunTime:0.000110s ]
NOTIC: [2] Declaration of Common\Model\BasicModel::save($data = Array) should be compatible with Think\Model::save($data = '', $options = Array) /Library/WebServer/Documents/x086le/Application/Common/Model/BasicModel.class.php 第 30 行.
NOTIC: [2] Declaration of Common\Model\BasicModel::select() should be compatible with Think\Model::select($options = Array) /Library/WebServer/Documents/x086le/Application/Common/Model/BasicModel.class.php 第 30 行.
NOTIC: [2] Declaration of Common\Model\MenuModel::find($id) should be compatible with Think\Model::find($options = Array) /Library/WebServer/Documents/x086le/Application/Common/Model/MenuModel.class.php 第 92 行.
SQL: SHOW COLUMNS FROM `cms_menu` [ RunTime:0.0126s ]
SQL: SELECT * FROM `cms_menu` WHERE `status` = 1 AND `type` = 0 ORDER BY listorder desc,menu_id desc  [ RunTime:0.0971s ]
NOTIC: [8] Undefined index: name /Library/WebServer/Documents/x086le/Application/Runtime/Cache/Home/2a94b8bda04ff446dcedd42276fc99ee.php 第 80 行.
NOTIC: [8] Undefined index: name /Library/WebServer/Documents/x086le/Application/Runtime/Cache/Home/2a94b8bda04ff446dcedd42276fc99ee.php 第 80 行.
INFO: Run Behavior\ParseTemplateBehavior [ RunTime:0.125961s ]
INFO: [ view_parse ] --END-- [ RunTime:0.126059s ]
INFO: [ view_filter ] --START--
INFO: Run Behavior\WriteHtmlCacheBehavior [ RunTime:0.000260s ]
INFO: [ view_filter ] --END-- [ RunTime:0.000345s ]
INFO: [ app_end ] --START--
INFO: Run Behavior\ShowPageTraceBehavior [ RunTime:0.000532s ]
INFO: [ app_end ] --END-- [ RunTime:0.000623s ]

