[ 2017-07-13T00:00:04+08:00 ] ::1 /Sample_CMS/admin.php?c=content&a=setStatus
INFO: [ app_init ] --START--
INFO: Run Behavior\BuildLiteBehavior [ RunTime:0.000016s ]
INFO: [ app_init ] --END-- [ RunTime:0.000226s ]
INFO: [ app_begin ] --START--
INFO: Run Behavior\ReadHtmlCacheBehavior [ RunTime:0.000240s ]
INFO: [ app_begin ] --END-- [ RunTime:0.000284s ]
NOTIC: [2] Declaration of Admin\Controller\ContentController::setStatus() should be compatible with Admin\Controller\CommonController::setStatus($data, $models) /Library/WebServer/Documents/Sample_CMS/Application/Admin/Controller/ContentController.class.php 第 14 行.
NOTIC: [2] Declaration of Admin\Controller\ContentController::listorder() should be compatible with Admin\Controller\CommonController::listorder($model = '') /Library/WebServer/Documents/Sample_CMS/Application/Admin/Controller/ContentController.class.php 第 14 行.
NOTIC: [2] Declaration of Common\Model\NewsModel::find($id) should be compatible with Think\Model::find($options = Array) /Library/WebServer/Documents/Sample_CMS/Application/Common/Model/NewsModel.class.php 第 11 行.
SQL: SHOW COLUMNS FROM `cms_news` [ RunTime:0.0113s ]
NOTIC: 建议使用E方法替代throw_exception

[ 2017-07-13T00:00:06+08:00 ] ::1 /Sample_CMS/admin.php?c=menu
INFO: [ app_init ] --START--
INFO: Run Behavior\BuildLiteBehavior [ RunTime:0.000016s ]
INFO: [ app_init ] --END-- [ RunTime:0.000223s ]
INFO: [ app_begin ] --START--
INFO: Run Behavior\ReadHtmlCacheBehavior [ RunTime:0.000889s ]
INFO: [ app_begin ] --END-- [ RunTime:0.001022s ]
NOTIC: [2] Declaration of Admin\Controller\MenuController::setStatus() should be compatible with Admin\Controller\CommonController::setStatus($data, $models) /Library/WebServer/Documents/Sample_CMS/Application/Admin/Controller/MenuController.class.php 第 11 行.
NOTIC: [2] Declaration of Admin\Controller\MenuController::listorder() should be compatible with Admin\Controller\CommonController::listorder($model = '') /Library/WebServer/Documents/Sample_CMS/Application/Admin/Controller/MenuController.class.php 第 11 行.
NOTIC: [8] Undefined index: p /Library/WebServer/Documents/Sample_CMS/Application/Admin/Controller/MenuController.class.php 第 56 行.
NOTIC: [8] Undefined index: pageSize /Library/WebServer/Documents/Sample_CMS/Application/Admin/Controller/MenuController.class.php 第 57 行.
NOTIC: [2] Declaration of Common\Model\MenuModel::find($id) should be compatible with Think\Model::find($options = Array) /Library/WebServer/Documents/Sample_CMS/Application/Common/Model/MenuModel.class.php 第 7 行.
SQL: SHOW COLUMNS FROM `cms_menu` [ RunTime:0.0131s ]
SQL: SELECT * FROM `cms_menu` WHERE `status` <> -1 ORDER BY listorder desc,menu_id desc LIMIT 0,3   [ RunTime:0.0129s ]
SQL: SELECT COUNT(*) AS tp_count FROM `cms_menu` WHERE `status` <> -1 LIMIT 1   [ RunTime:0.0118s ]
NOTIC: [8] Undefined variable: sing_path /Library/WebServer/Documents/Sample_CMS/ThinkPHP/Common/functions.php 第 991 行.
INFO: [ view_parse ] --START--
INFO: [ template_filter ] --START--
INFO: Run Behavior\ContentReplaceBehavior [ RunTime:0.000052s ]
INFO: [ template_filter ] --END-- [ RunTime:0.000112s ]
SQL: SELECT * FROM `cms_menu` WHERE `status` <> -1 AND `type` = 1 ORDER BY listorder desc,menu_id desc  [ RunTime:0.0159s ]
NOTIC: [8] Undefined index: a /Library/WebServer/Documents/Sample_CMS/Application/Common/Common/function.php 第 42 行.
NOTIC: [8] Undefined index: a /Library/WebServer/Documents/Sample_CMS/Application/Common/Common/function.php 第 42 行.
NOTIC: [8] Undefined index: a /Library/WebServer/Documents/Sample_CMS/Application/Common/Common/function.php 第 42 行.
NOTIC: [8] Undefined index: a /Library/WebServer/Documents/Sample_CMS/Application/Common/Common/function.php 第 42 行.
NOTIC: [8] Undefined index: a /Library/WebServer/Documents/Sample_CMS/Application/Common/Common/function.php 第 42 行.
NOTIC: [8] Undefined index: a /Library/WebServer/Documents/Sample_CMS/Application/Common/Common/function.php 第 42 行.
NOTIC: [8] Undefined variable: nav /Library/WebServer/Documents/Sample_CMS/Application/Runtime/Cache/Admin/b956215329b6f9aca22277599a4efdfc.php 第 101 行.
INFO: Run Behavior\ParseTemplateBehavior [ RunTime:0.024865s ]
INFO: [ view_parse ] --END-- [ RunTime:0.024955s ]
INFO: [ view_filter ] --START--
INFO: Run Behavior\WriteHtmlCacheBehavior [ RunTime:0.000267s ]
INFO: [ view_filter ] --END-- [ RunTime:0.000351s ]
INFO: [ app_end ] --START--
INFO: Run Behavior\ShowPageTraceBehavior [ RunTime:0.001020s ]
INFO: [ app_end ] --END-- [ RunTime:0.001140s ]

[ 2017-07-13T00:00:18+08:00 ] ::1 /Sample_CMS/admin.php?c=content
INFO: [ app_init ] --START--
INFO: Run Behavior\BuildLiteBehavior [ RunTime:0.000025s ]
INFO: [ app_init ] --END-- [ RunTime:0.000528s ]
INFO: [ app_begin ] --START--
INFO: Run Behavior\ReadHtmlCacheBehavior [ RunTime:0.000993s ]
INFO: [ app_begin ] --END-- [ RunTime:0.001143s ]
NOTIC: [2] Declaration of Admin\Controller\ContentController::setStatus() should be compatible with Admin\Controller\CommonController::setStatus($data, $models) /Library/WebServer/Documents/Sample_CMS/Application/Admin/Controller/ContentController.class.php 第 14 行.
NOTIC: [2] Declaration of Admin\Controller\ContentController::listorder() should be compatible with Admin\Controller\CommonController::listorder($model = '') /Library/WebServer/Documents/Sample_CMS/Application/Admin/Controller/ContentController.class.php 第 14 行.
NOTIC: [8] Undefined index: title /Library/WebServer/Documents/Sample_CMS/Application/Admin/Controller/ContentController.class.php 第 20 行.
NOTIC: [8] Undefined index: catid /Library/WebServer/Documents/Sample_CMS/Application/Admin/Controller/ContentController.class.php 第 24 行.
NOTIC: [8] Undefined index: p /Library/WebServer/Documents/Sample_CMS/Application/Admin/Controller/ContentController.class.php 第 28 行.
NOTIC: [2] Declaration of Common\Model\NewsModel::find($id) should be compatible with Think\Model::find($options = Array) /Library/WebServer/Documents/Sample_CMS/Application/Common/Model/NewsModel.class.php 第 11 行.
SQL: SHOW COLUMNS FROM `cms_news` [ RunTime:0.0108s ]
SQL: SELECT * FROM `cms_news` WHERE `status` <> -1 ORDER BY listorder desc ,news_id desc LIMIT 0,10   [ RunTime:0.0169s ]
SQL: SELECT COUNT(*) AS tp_count FROM `cms_news` WHERE `status` <> -1 LIMIT 1   [ RunTime:0.0151s ]
NOTIC: [8] Undefined variable: sing_path /Library/WebServer/Documents/Sample_CMS/ThinkPHP/Common/functions.php 第 991 行.
NOTIC: [2] Declaration of Common\Model\PositionModel::find($id) should be compatible with Think\Model::find($options = Array) /Library/WebServer/Documents/Sample_CMS/Application/Common/Model/PositionModel.class.php 第 81 行.
SQL: SHOW COLUMNS FROM `cms_position` [ RunTime:0.0118s ]
SQL: SELECT * FROM `cms_position` WHERE `status` = 1 ORDER BY id  [ RunTime:0.0112s ]
NOTIC: [8] Undefined index: title /Library/WebServer/Documents/Sample_CMS/Application/Admin/Controller/ContentController.class.php 第 37 行.
NOTIC: [8] Undefined index: catid /Library/WebServer/Documents/Sample_CMS/Application/Admin/Controller/ContentController.class.php 第 38 行.
NOTIC: [2] Declaration of Common\Model\MenuModel::find($id) should be compatible with Think\Model::find($options = Array) /Library/WebServer/Documents/Sample_CMS/Application/Common/Model/MenuModel.class.php 第 109 行.
SQL: SHOW COLUMNS FROM `cms_menu` [ RunTime:0.0105s ]
SQL: SELECT * FROM `cms_menu` WHERE `status` = 1 AND `type` = 0 ORDER BY listorder desc,menu_id desc  [ RunTime:0.0111s ]
INFO: [ view_parse ] --START--
INFO: [ template_filter ] --START--
INFO: Run Behavior\ContentReplaceBehavior [ RunTime:0.000057s ]
INFO: [ template_filter ] --END-- [ RunTime:0.000116s ]
SQL: SELECT * FROM `cms_menu` WHERE `status` <> -1 AND `type` = 1 ORDER BY listorder desc,menu_id desc  [ RunTime:0.0153s ]
NOTIC: [8] Undefined index: a /Library/WebServer/Documents/Sample_CMS/Application/Common/Common/function.php 第 42 行.
NOTIC: [8] Undefined index: a /Library/WebServer/Documents/Sample_CMS/Application/Common/Common/function.php 第 42 行.
NOTIC: [8] Undefined index: a /Library/WebServer/Documents/Sample_CMS/Application/Common/Common/function.php 第 42 行.
NOTIC: [8] Undefined index: a /Library/WebServer/Documents/Sample_CMS/Application/Common/Common/function.php 第 42 行.
NOTIC: [8] Undefined index: a /Library/WebServer/Documents/Sample_CMS/Application/Common/Common/function.php 第 42 行.
NOTIC: [8] Undefined index: a /Library/WebServer/Documents/Sample_CMS/Application/Common/Common/function.php 第 42 行.
NOTIC: [8] Use of undefined constant menu_id - assumed 'menu_id' /Library/WebServer/Documents/Sample_CMS/Application/Runtime/Cache/Admin/ccc9ced3ad798311a07cb47b740981c5.php 第 119 行.
NOTIC: [8] Array to string conversion /Library/WebServer/Documents/Sample_CMS/Application/Runtime/Cache/Admin/ccc9ced3ad798311a07cb47b740981c5.php 第 119 行.
NOTIC: [8] Use of undefined constant menu_id - assumed 'menu_id' /Library/WebServer/Documents/Sample_CMS/Application/Runtime/Cache/Admin/ccc9ced3ad798311a07cb47b740981c5.php 第 119 行.
NOTIC: [8] Array to string conversion /Library/WebServer/Documents/Sample_CMS/Application/Runtime/Cache/Admin/ccc9ced3ad798311a07cb47b740981c5.php 第 119 行.
NOTIC: [8] Use of undefined constant menu_id - assumed 'menu_id' /Library/WebServer/Documents/Sample_CMS/Application/Runtime/Cache/Admin/ccc9ced3ad798311a07cb47b740981c5.php 第 119 行.
NOTIC: [8] Array to string conversion /Library/WebServer/Documents/Sample_CMS/Application/Runtime/Cache/Admin/ccc9ced3ad798311a07cb47b740981c5.php 第 119 行.
INFO: Run Behavior\ParseTemplateBehavior [ RunTime:0.024981s ]
INFO: [ view_parse ] --END-- [ RunTime:0.025054s ]
INFO: [ view_filter ] --START--
INFO: Run Behavior\WriteHtmlCacheBehavior [ RunTime:0.000251s ]
INFO: [ view_filter ] --END-- [ RunTime:0.000334s ]
INFO: [ app_end ] --START--
INFO: Run Behavior\ShowPageTraceBehavior [ RunTime:0.000925s ]
INFO: [ app_end ] --END-- [ RunTime:0.001043s ]

[ 2017-07-13T00:00:24+08:00 ] ::1 /Sample_CMS/admin.php?c=menu
INFO: [ app_init ] --START--
INFO: Run Behavior\BuildLiteBehavior [ RunTime:0.000017s ]
INFO: [ app_init ] --END-- [ RunTime:0.000230s ]
INFO: [ app_begin ] --START--
INFO: Run Behavior\ReadHtmlCacheBehavior [ RunTime:0.000302s ]
INFO: [ app_begin ] --END-- [ RunTime:0.000364s ]
NOTIC: [2] Declaration of Admin\Controller\MenuController::setStatus() should be compatible with Admin\Controller\CommonController::setStatus($data, $models) /Library/WebServer/Documents/Sample_CMS/Application/Admin/Controller/MenuController.class.php 第 11 行.
NOTIC: [2] Declaration of Admin\Controller\MenuController::listorder() should be compatible with Admin\Controller\CommonController::listorder($model = '') /Library/WebServer/Documents/Sample_CMS/Application/Admin/Controller/MenuController.class.php 第 11 行.
NOTIC: [8] Undefined index: p /Library/WebServer/Documents/Sample_CMS/Application/Admin/Controller/MenuController.class.php 第 56 行.
NOTIC: [8] Undefined index: pageSize /Library/WebServer/Documents/Sample_CMS/Application/Admin/Controller/MenuController.class.php 第 57 行.
NOTIC: [2] Declaration of Common\Model\MenuModel::find($id) should be compatible with Think\Model::find($options = Array) /Library/WebServer/Documents/Sample_CMS/Application/Common/Model/MenuModel.class.php 第 7 行.
SQL: SHOW COLUMNS FROM `cms_menu` [ RunTime:0.0109s ]
SQL: SELECT * FROM `cms_menu` WHERE `status` <> -1 ORDER BY listorder desc,menu_id desc LIMIT 0,3   [ RunTime:0.0095s ]
SQL: SELECT COUNT(*) AS tp_count FROM `cms_menu` WHERE `status` <> -1 LIMIT 1   [ RunTime:0.0115s ]
NOTIC: [8] Undefined variable: sing_path /Library/WebServer/Documents/Sample_CMS/ThinkPHP/Common/functions.php 第 991 行.
INFO: [ view_parse ] --START--
INFO: [ template_filter ] --START--
INFO: Run Behavior\ContentReplaceBehavior [ RunTime:0.000052s ]
INFO: [ template_filter ] --END-- [ RunTime:0.000109s ]
SQL: SELECT * FROM `cms_menu` WHERE `status` <> -1 AND `type` = 1 ORDER BY listorder desc,menu_id desc  [ RunTime:0.0099s ]
NOTIC: [8] Undefined index: a /Library/WebServer/Documents/Sample_CMS/Application/Common/Common/function.php 第 42 行.
NOTIC: [8] Undefined index: a /Library/WebServer/Documents/Sample_CMS/Application/Common/Common/function.php 第 42 行.
NOTIC: [8] Undefined index: a /Library/WebServer/Documents/Sample_CMS/Application/Common/Common/function.php 第 42 行.
NOTIC: [8] Undefined index: a /Library/WebServer/Documents/Sample_CMS/Application/Common/Common/function.php 第 42 行.
NOTIC: [8] Undefined index: a /Library/WebServer/Documents/Sample_CMS/Application/Common/Common/function.php 第 42 行.
NOTIC: [8] Undefined index: a /Library/WebServer/Documents/Sample_CMS/Application/Common/Common/function.php 第 42 行.
NOTIC: [8] Undefined variable: nav /Library/WebServer/Documents/Sample_CMS/Application/Runtime/Cache/Admin/b956215329b6f9aca22277599a4efdfc.php 第 101 行.
INFO: Run Behavior\ParseTemplateBehavior [ RunTime:0.016968s ]
INFO: [ view_parse ] --END-- [ RunTime:0.017051s ]
INFO: [ view_filter ] --START--
INFO: Run Behavior\WriteHtmlCacheBehavior [ RunTime:0.000241s ]
INFO: [ view_filter ] --END-- [ RunTime:0.000302s ]
INFO: [ app_end ] --START--
INFO: Run Behavior\ShowPageTraceBehavior [ RunTime:0.001109s ]
INFO: [ app_end ] --END-- [ RunTime:0.001198s ]

[ 2017-07-13T00:00:29+08:00 ] ::1 /Sample_CMS/admin.php?c=content
INFO: [ app_init ] --START--
INFO: Run Behavior\BuildLiteBehavior [ RunTime:0.000058s ]
INFO: [ app_init ] --END-- [ RunTime:0.001465s ]
INFO: [ app_begin ] --START--
INFO: Run Behavior\ReadHtmlCacheBehavior [ RunTime:0.000397s ]
INFO: [ app_begin ] --END-- [ RunTime:0.000482s ]
NOTIC: [2] Declaration of Admin\Controller\ContentController::setStatus() should be compatible with Admin\Controller\CommonController::setStatus($data, $models) /Library/WebServer/Documents/Sample_CMS/Application/Admin/Controller/ContentController.class.php 第 14 行.
NOTIC: [2] Declaration of Admin\Controller\ContentController::listorder() should be compatible with Admin\Controller\CommonController::listorder($model = '') /Library/WebServer/Documents/Sample_CMS/Application/Admin/Controller/ContentController.class.php 第 14 行.
NOTIC: [8] Undefined index: title /Library/WebServer/Documents/Sample_CMS/Application/Admin/Controller/ContentController.class.php 第 20 行.
NOTIC: [8] Undefined index: catid /Library/WebServer/Documents/Sample_CMS/Application/Admin/Controller/ContentController.class.php 第 24 行.
NOTIC: [8] Undefined index: p /Library/WebServer/Documents/Sample_CMS/Application/Admin/Controller/ContentController.class.php 第 28 行.
NOTIC: [2] Declaration of Common\Model\NewsModel::find($id) should be compatible with Think\Model::find($options = Array) /Library/WebServer/Documents/Sample_CMS/Application/Common/Model/NewsModel.class.php 第 11 行.
SQL: SHOW COLUMNS FROM `cms_news` [ RunTime:0.0146s ]
SQL: SELECT * FROM `cms_news` WHERE `status` <> -1 ORDER BY listorder desc ,news_id desc LIMIT 0,10   [ RunTime:0.0139s ]
SQL: SELECT COUNT(*) AS tp_count FROM `cms_news` WHERE `status` <> -1 LIMIT 1   [ RunTime:0.0105s ]
NOTIC: [8] Undefined variable: sing_path /Library/WebServer/Documents/Sample_CMS/ThinkPHP/Common/functions.php 第 991 行.
NOTIC: [2] Declaration of Common\Model\PositionModel::find($id) should be compatible with Think\Model::find($options = Array) /Library/WebServer/Documents/Sample_CMS/Application/Common/Model/PositionModel.class.php 第 81 行.
SQL: SHOW COLUMNS FROM `cms_position` [ RunTime:0.0131s ]
SQL: SELECT * FROM `cms_position` WHERE `status` = 1 ORDER BY id  [ RunTime:0.0130s ]
NOTIC: [8] Undefined index: title /Library/WebServer/Documents/Sample_CMS/Application/Admin/Controller/ContentController.class.php 第 37 行.
NOTIC: [8] Undefined index: catid /Library/WebServer/Documents/Sample_CMS/Application/Admin/Controller/ContentController.class.php 第 38 行.
NOTIC: [2] Declaration of Common\Model\MenuModel::find($id) should be compatible with Think\Model::find($options = Array) /Library/WebServer/Documents/Sample_CMS/Application/Common/Model/MenuModel.class.php 第 109 行.
SQL: SHOW COLUMNS FROM `cms_menu` [ RunTime:0.0120s ]
SQL: SELECT * FROM `cms_menu` WHERE `status` = 1 AND `type` = 0 ORDER BY listorder desc,menu_id desc  [ RunTime:0.0143s ]
INFO: [ view_parse ] --START--
INFO: [ template_filter ] --START--
INFO: Run Behavior\ContentReplaceBehavior [ RunTime:0.000059s ]
INFO: [ template_filter ] --END-- [ RunTime:0.000122s ]
SQL: SELECT * FROM `cms_menu` WHERE `status` <> -1 AND `type` = 1 ORDER BY listorder desc,menu_id desc  [ RunTime:0.0134s ]
NOTIC: [8] Undefined index: a /Library/WebServer/Documents/Sample_CMS/Application/Common/Common/function.php 第 42 行.
NOTIC: [8] Undefined index: a /Library/WebServer/Documents/Sample_CMS/Application/Common/Common/function.php 第 42 行.
NOTIC: [8] Undefined index: a /Library/WebServer/Documents/Sample_CMS/Application/Common/Common/function.php 第 42 行.
NOTIC: [8] Undefined index: a /Library/WebServer/Documents/Sample_CMS/Application/Common/Common/function.php 第 42 行.
NOTIC: [8] Undefined index: a /Library/WebServer/Documents/Sample_CMS/Application/Common/Common/function.php 第 42 行.
NOTIC: [8] Undefined index: a /Library/WebServer/Documents/Sample_CMS/Application/Common/Common/function.php 第 42 行.
NOTIC: [8] Use of undefined constant menu_id - assumed 'menu_id' /Library/WebServer/Documents/Sample_CMS/Application/Runtime/Cache/Admin/ccc9ced3ad798311a07cb47b740981c5.php 第 119 行.
NOTIC: [8] Array to string conversion /Library/WebServer/Documents/Sample_CMS/Application/Runtime/Cache/Admin/ccc9ced3ad798311a07cb47b740981c5.php 第 119 行.
NOTIC: [8] Use of undefined constant menu_id - assumed 'menu_id' /Library/WebServer/Documents/Sample_CMS/Application/Runtime/Cache/Admin/ccc9ced3ad798311a07cb47b740981c5.php 第 119 行.
NOTIC: [8] Array to string conversion /Library/WebServer/Documents/Sample_CMS/Application/Runtime/Cache/Admin/ccc9ced3ad798311a07cb47b740981c5.php 第 119 行.
NOTIC: [8] Use of undefined constant menu_id - assumed 'menu_id' /Library/WebServer/Documents/Sample_CMS/Application/Runtime/Cache/Admin/ccc9ced3ad798311a07cb47b740981c5.php 第 119 行.
NOTIC: [8] Array to string conversion /Library/WebServer/Documents/Sample_CMS/Application/Runtime/Cache/Admin/ccc9ced3ad798311a07cb47b740981c5.php 第 119 行.
INFO: Run Behavior\ParseTemplateBehavior [ RunTime:0.023273s ]
INFO: [ view_parse ] --END-- [ RunTime:0.023581s ]
INFO: [ view_filter ] --START--
INFO: Run Behavior\WriteHtmlCacheBehavior [ RunTime:0.000248s ]
INFO: [ view_filter ] --END-- [ RunTime:0.000337s ]
INFO: [ app_end ] --START--
INFO: Run Behavior\ShowPageTraceBehavior [ RunTime:0.000899s ]
INFO: [ app_end ] --END-- [ RunTime:0.001015s ]

[ 2017-07-13T00:00:33+08:00 ] ::1 /Sample_CMS/admin.php?c=content&a=setStatus
INFO: [ app_init ] --START--
INFO: Run Behavior\BuildLiteBehavior [ RunTime:0.000017s ]
INFO: [ app_init ] --END-- [ RunTime:0.000229s ]
INFO: [ app_begin ] --START--
INFO: Run Behavior\ReadHtmlCacheBehavior [ RunTime:0.000344s ]
INFO: [ app_begin ] --END-- [ RunTime:0.000409s ]
NOTIC: [2] Declaration of Admin\Controller\ContentController::setStatus() should be compatible with Admin\Controller\CommonController::setStatus($data, $models) /Library/WebServer/Documents/Sample_CMS/Application/Admin/Controller/ContentController.class.php 第 14 行.
NOTIC: [2] Declaration of Admin\Controller\ContentController::listorder() should be compatible with Admin\Controller\CommonController::listorder($model = '') /Library/WebServer/Documents/Sample_CMS/Application/Admin/Controller/ContentController.class.php 第 14 行.
NOTIC: [2] Declaration of Common\Model\NewsModel::find($id) should be compatible with Think\Model::find($options = Array) /Library/WebServer/Documents/Sample_CMS/Application/Common/Model/NewsModel.class.php 第 11 行.
SQL: SHOW COLUMNS FROM `cms_news` [ RunTime:0.0142s ]
NOTIC: 建议使用E方法替代throw_exception

[ 2017-07-13T00:05:39+08:00 ] ::1 /Sample_CMS/admin.php?c=content
INFO: [ app_init ] --START--
INFO: Run Behavior\BuildLiteBehavior [ RunTime:0.000025s ]
INFO: [ app_init ] --END-- [ RunTime:0.000290s ]
INFO: [ app_begin ] --START--
INFO: Run Behavior\ReadHtmlCacheBehavior [ RunTime:0.000475s ]
INFO: [ app_begin ] --END-- [ RunTime:0.000607s ]
NOTIC: [2] Declaration of Admin\Controller\ContentController::setStatus() should be compatible with Admin\Controller\CommonController::setStatus($data, $models) /Library/WebServer/Documents/Sample_CMS/Application/Admin/Controller/ContentController.class.php 第 14 行.
NOTIC: [2] Declaration of Admin\Controller\ContentController::listorder() should be compatible with Admin\Controller\CommonController::listorder($model = '') /Library/WebServer/Documents/Sample_CMS/Application/Admin/Controller/ContentController.class.php 第 14 行.
NOTIC: [8] Undefined index: title /Library/WebServer/Documents/Sample_CMS/Application/Admin/Controller/ContentController.class.php 第 20 行.
NOTIC: [8] Undefined index: catid /Library/WebServer/Documents/Sample_CMS/Application/Admin/Controller/ContentController.class.php 第 24 行.
NOTIC: [8] Undefined index: p /Library/WebServer/Documents/Sample_CMS/Application/Admin/Controller/ContentController.class.php 第 28 行.
NOTIC: [2] Declaration of Common\Model\NewsModel::find($id) should be compatible with Think\Model::find($options = Array) /Library/WebServer/Documents/Sample_CMS/Application/Common/Model/NewsModel.class.php 第 11 行.
SQL: SHOW COLUMNS FROM `cms_news` [ RunTime:0.0243s ]
SQL: SELECT * FROM `cms_news` WHERE `status` <> -1 ORDER BY listorder desc ,news_id desc LIMIT 0,10   [ RunTime:0.0148s ]
SQL: SELECT COUNT(*) AS tp_count FROM `cms_news` WHERE `status` <> -1 LIMIT 1   [ RunTime:0.0189s ]
NOTIC: [8] Undefined variable: sing_path /Library/WebServer/Documents/Sample_CMS/ThinkPHP/Common/functions.php 第 991 行.
NOTIC: [2] Declaration of Common\Model\PositionModel::find($id) should be compatible with Think\Model::find($options = Array) /Library/WebServer/Documents/Sample_CMS/Application/Common/Model/PositionModel.class.php 第 81 行.
SQL: SHOW COLUMNS FROM `cms_position` [ RunTime:0.0129s ]
SQL: SELECT * FROM `cms_position` WHERE `status` = 1 ORDER BY id  [ RunTime:0.0153s ]
NOTIC: [8] Undefined index: title /Library/WebServer/Documents/Sample_CMS/Application/Admin/Controller/ContentController.class.php 第 37 行.
NOTIC: [8] Undefined index: catid /Library/WebServer/Documents/Sample_CMS/Application/Admin/Controller/ContentController.class.php 第 38 行.
NOTIC: [2] Declaration of Common\Model\MenuModel::find($id) should be compatible with Think\Model::find($options = Array) /Library/WebServer/Documents/Sample_CMS/Application/Common/Model/MenuModel.class.php 第 109 行.
SQL: SHOW COLUMNS FROM `cms_menu` [ RunTime:0.0104s ]
SQL: SELECT * FROM `cms_menu` WHERE `status` = 1 AND `type` = 0 ORDER BY listorder desc,menu_id desc  [ RunTime:0.0194s ]
INFO: [ view_parse ] --START--
INFO: [ template_filter ] --START--
INFO: Run Behavior\ContentReplaceBehavior [ RunTime:0.000060s ]
INFO: [ template_filter ] --END-- [ RunTime:0.000125s ]
SQL: SELECT * FROM `cms_menu` WHERE `status` <> -1 AND `type` = 1 ORDER BY listorder desc,menu_id desc  [ RunTime:0.0144s ]
NOTIC: [8] Undefined index: a /Library/WebServer/Documents/Sample_CMS/Application/Common/Common/function.php 第 42 行.
NOTIC: [8] Undefined index: a /Library/WebServer/Documents/Sample_CMS/Application/Common/Common/function.php 第 42 行.
NOTIC: [8] Undefined index: a /Library/WebServer/Documents/Sample_CMS/Application/Common/Common/function.php 第 42 行.
NOTIC: [8] Undefined index: a /Library/WebServer/Documents/Sample_CMS/Application/Common/Common/function.php 第 42 行.
NOTIC: [8] Undefined index: a /Library/WebServer/Documents/Sample_CMS/Application/Common/Common/function.php 第 42 行.
NOTIC: [8] Undefined index: a /Library/WebServer/Documents/Sample_CMS/Application/Common/Common/function.php 第 42 行.
NOTIC: [8] Use of undefined constant menu_id - assumed 'menu_id' /Library/WebServer/Documents/Sample_CMS/Application/Runtime/Cache/Admin/ccc9ced3ad798311a07cb47b740981c5.php 第 119 行.
NOTIC: [8] Array to string conversion /Library/WebServer/Documents/Sample_CMS/Application/Runtime/Cache/Admin/ccc9ced3ad798311a07cb47b740981c5.php 第 119 行.
NOTIC: [8] Use of undefined constant menu_id - assumed 'menu_id' /Library/WebServer/Documents/Sample_CMS/Application/Runtime/Cache/Admin/ccc9ced3ad798311a07cb47b740981c5.php 第 119 行.
NOTIC: [8] Array to string conversion /Library/WebServer/Documents/Sample_CMS/Application/Runtime/Cache/Admin/ccc9ced3ad798311a07cb47b740981c5.php 第 119 行.
NOTIC: [8] Use of undefined constant menu_id - assumed 'menu_id' /Library/WebServer/Documents/Sample_CMS/Application/Runtime/Cache/Admin/ccc9ced3ad798311a07cb47b740981c5.php 第 119 行.
NOTIC: [8] Array to string conversion /Library/WebServer/Documents/Sample_CMS/Application/Runtime/Cache/Admin/ccc9ced3ad798311a07cb47b740981c5.php 第 119 行.
INFO: Run Behavior\ParseTemplateBehavior [ RunTime:0.024488s ]
INFO: [ view_parse ] --END-- [ RunTime:0.024634s ]
INFO: [ view_filter ] --START--
INFO: Run Behavior\WriteHtmlCacheBehavior [ RunTime:0.000258s ]
INFO: [ view_filter ] --END-- [ RunTime:0.000350s ]
INFO: [ app_end ] --START--
INFO: Run Behavior\ShowPageTraceBehavior [ RunTime:0.000948s ]
INFO: [ app_end ] --END-- [ RunTime:0.001113s ]

[ 2017-07-13T00:05:44+08:00 ] ::1 /Sample_CMS/admin.php?c=content&a=setStatus
INFO: [ app_init ] --START--
INFO: Run Behavior\BuildLiteBehavior [ RunTime:0.000023s ]
INFO: [ app_init ] --END-- [ RunTime:0.000311s ]
INFO: [ app_begin ] --START--
INFO: Run Behavior\ReadHtmlCacheBehavior [ RunTime:0.001354s ]
INFO: [ app_begin ] --END-- [ RunTime:0.001492s ]
NOTIC: [2] Declaration of Admin\Controller\ContentController::setStatus() should be compatible with Admin\Controller\CommonController::setStatus($data, $models) /Library/WebServer/Documents/Sample_CMS/Application/Admin/Controller/ContentController.class.php 第 14 行.
NOTIC: [2] Declaration of Admin\Controller\ContentController::listorder() should be compatible with Admin\Controller\CommonController::listorder($model = '') /Library/WebServer/Documents/Sample_CMS/Application/Admin/Controller/ContentController.class.php 第 14 行.
NOTIC: [2] Declaration of Common\Model\NewsModel::find($id) should be compatible with Think\Model::find($options = Array) /Library/WebServer/Documents/Sample_CMS/Application/Common/Model/NewsModel.class.php 第 11 行.
SQL: SHOW COLUMNS FROM `cms_news` [ RunTime:0.0128s ]
NOTIC: 建议使用E方法替代throw_exception

[ 2017-07-13T00:06:11+08:00 ] ::1 /Sample_CMS/admin.php?c=content
INFO: [ app_init ] --START--
INFO: Run Behavior\BuildLiteBehavior [ RunTime:0.000465s ]
INFO: [ app_init ] --END-- [ RunTime:0.002119s ]
INFO: [ app_begin ] --START--
INFO: Run Behavior\ReadHtmlCacheBehavior [ RunTime:0.000285s ]
INFO: [ app_begin ] --END-- [ RunTime:0.000345s ]
NOTIC: [2] Declaration of Admin\Controller\ContentController::setStatus() should be compatible with Admin\Controller\CommonController::setStatus($data, $models) /Library/WebServer/Documents/Sample_CMS/Application/Admin/Controller/ContentController.class.php 第 14 行.
NOTIC: [2] Declaration of Admin\Controller\ContentController::listorder() should be compatible with Admin\Controller\CommonController::listorder($model = '') /Library/WebServer/Documents/Sample_CMS/Application/Admin/Controller/ContentController.class.php 第 14 行.
NOTIC: [8] Undefined index: title /Library/WebServer/Documents/Sample_CMS/Application/Admin/Controller/ContentController.class.php 第 20 行.
NOTIC: [8] Undefined index: catid /Library/WebServer/Documents/Sample_CMS/Application/Admin/Controller/ContentController.class.php 第 24 行.
NOTIC: [8] Undefined index: p /Library/WebServer/Documents/Sample_CMS/Application/Admin/Controller/ContentController.class.php 第 28 行.
NOTIC: [2] Declaration of Common\Model\NewsModel::find($id) should be compatible with Think\Model::find($options = Array) /Library/WebServer/Documents/Sample_CMS/Application/Common/Model/NewsModel.class.php 第 11 行.
SQL: SHOW COLUMNS FROM `cms_news` [ RunTime:0.0153s ]
SQL: SELECT * FROM `cms_news` WHERE `status` <> -1 ORDER BY listorder desc ,news_id desc LIMIT 0,10   [ RunTime:0.0136s ]
SQL: SELECT COUNT(*) AS tp_count FROM `cms_news` WHERE `status` <> -1 LIMIT 1   [ RunTime:0.0086s ]
NOTIC: [8] Undefined variable: sing_path /Library/WebServer/Documents/Sample_CMS/ThinkPHP/Common/functions.php 第 991 行.
NOTIC: [2] Declaration of Common\Model\PositionModel::find($id) should be compatible with Think\Model::find($options = Array) /Library/WebServer/Documents/Sample_CMS/Application/Common/Model/PositionModel.class.php 第 81 行.
SQL: SHOW COLUMNS FROM `cms_position` [ RunTime:0.0295s ]
SQL: SELECT * FROM `cms_position` WHERE `status` = 1 ORDER BY id  [ RunTime:0.0090s ]
NOTIC: [8] Undefined index: title /Library/WebServer/Documents/Sample_CMS/Application/Admin/Controller/ContentController.class.php 第 37 行.
NOTIC: [8] Undefined index: catid /Library/WebServer/Documents/Sample_CMS/Application/Admin/Controller/ContentController.class.php 第 38 行.
NOTIC: [2] Declaration of Common\Model\MenuModel::find($id) should be compatible with Think\Model::find($options = Array) /Library/WebServer/Documents/Sample_CMS/Application/Common/Model/MenuModel.class.php 第 109 行.
SQL: SHOW COLUMNS FROM `cms_menu` [ RunTime:0.0093s ]
SQL: SELECT * FROM `cms_menu` WHERE `status` = 1 AND `type` = 0 ORDER BY listorder desc,menu_id desc  [ RunTime:0.0180s ]
INFO: [ view_parse ] --START--
INFO: [ template_filter ] --START--
INFO: Run Behavior\ContentReplaceBehavior [ RunTime:0.000056s ]
INFO: [ template_filter ] --END-- [ RunTime:0.000115s ]
SQL: SELECT * FROM `cms_menu` WHERE `status` <> -1 AND `type` = 1 ORDER BY listorder desc,menu_id desc  [ RunTime:0.0104s ]
NOTIC: [8] Undefined index: a /Library/WebServer/Documents/Sample_CMS/Application/Common/Common/function.php 第 42 行.
NOTIC: [8] Undefined index: a /Library/WebServer/Documents/Sample_CMS/Application/Common/Common/function.php 第 42 行.
NOTIC: [8] Undefined index: a /Library/WebServer/Documents/Sample_CMS/Application/Common/Common/function.php 第 42 行.
NOTIC: [8] Undefined index: a /Library/WebServer/Documents/Sample_CMS/Application/Common/Common/function.php 第 42 行.
NOTIC: [8] Undefined index: a /Library/WebServer/Documents/Sample_CMS/Application/Common/Common/function.php 第 42 行.
NOTIC: [8] Undefined index: a /Library/WebServer/Documents/Sample_CMS/Application/Common/Common/function.php 第 42 行.
NOTIC: [8] Use of undefined constant menu_id - assumed 'menu_id' /Library/WebServer/Documents/Sample_CMS/Application/Runtime/Cache/Admin/ccc9ced3ad798311a07cb47b740981c5.php 第 119 行.
NOTIC: [8] Array to string conversion /Library/WebServer/Documents/Sample_CMS/Application/Runtime/Cache/Admin/ccc9ced3ad798311a07cb47b740981c5.php 第 119 行.
NOTIC: [8] Use of undefined constant menu_id - assumed 'menu_id' /Library/WebServer/Documents/Sample_CMS/Application/Runtime/Cache/Admin/ccc9ced3ad798311a07cb47b740981c5.php 第 119 行.
NOTIC: [8] Array to string conversion /Library/WebServer/Documents/Sample_CMS/Application/Runtime/Cache/Admin/ccc9ced3ad798311a07cb47b740981c5.php 第 119 行.
NOTIC: [8] Use of undefined constant menu_id - assumed 'menu_id' /Library/WebServer/Documents/Sample_CMS/Application/Runtime/Cache/Admin/ccc9ced3ad798311a07cb47b740981c5.php 第 119 行.
NOTIC: [8] Array to string conversion /Library/WebServer/Documents/Sample_CMS/Application/Runtime/Cache/Admin/ccc9ced3ad798311a07cb47b740981c5.php 第 119 行.
INFO: Run Behavior\ParseTemplateBehavior [ RunTime:0.019597s ]
INFO: [ view_parse ] --END-- [ RunTime:0.019712s ]
INFO: [ view_filter ] --START--
INFO: Run Behavior\WriteHtmlCacheBehavior [ RunTime:0.000251s ]
INFO: [ view_filter ] --END-- [ RunTime:0.000337s ]
INFO: [ app_end ] --START--
INFO: Run Behavior\ShowPageTraceBehavior [ RunTime:0.000925s ]
INFO: [ app_end ] --END-- [ RunTime:0.001048s ]

[ 2017-07-13T00:06:15+08:00 ] ::1 /Sample_CMS/admin.php?c=content&a=setStatus
INFO: [ app_init ] --START--
INFO: Run Behavior\BuildLiteBehavior [ RunTime:0.000017s ]
INFO: [ app_init ] --END-- [ RunTime:0.000236s ]
INFO: [ app_begin ] --START--
INFO: Run Behavior\ReadHtmlCacheBehavior [ RunTime:0.000534s ]
INFO: [ app_begin ] --END-- [ RunTime:0.000645s ]
NOTIC: [2] Declaration of Admin\Controller\ContentController::setStatus() should be compatible with Admin\Controller\CommonController::setStatus($data, $models) /Library/WebServer/Documents/Sample_CMS/Application/Admin/Controller/ContentController.class.php 第 14 行.
NOTIC: [2] Declaration of Admin\Controller\ContentController::listorder() should be compatible with Admin\Controller\CommonController::listorder($model = '') /Library/WebServer/Documents/Sample_CMS/Application/Admin/Controller/ContentController.class.php 第 14 行.
NOTIC: [2] Declaration of Common\Model\NewsModel::find($id) should be compatible with Think\Model::find($options = Array) /Library/WebServer/Documents/Sample_CMS/Application/Common/Model/NewsModel.class.php 第 11 行.
SQL: SHOW COLUMNS FROM `cms_news` [ RunTime:0.0199s ]
NOTIC: 建议使用E方法替代throw_exception

[ 2017-07-13T00:07:08+08:00 ] ::1 /Sample_CMS/admin.php?c=content
INFO: [ app_init ] --START--
INFO: Run Behavior\BuildLiteBehavior [ RunTime:0.000062s ]
INFO: [ app_init ] --END-- [ RunTime:0.000440s ]
INFO: [ app_begin ] --START--
INFO: Run Behavior\ReadHtmlCacheBehavior [ RunTime:0.000334s ]
INFO: [ app_begin ] --END-- [ RunTime:0.000512s ]
NOTIC: [2] Declaration of Admin\Controller\ContentController::setStatus() should be compatible with Admin\Controller\CommonController::setStatus($data, $models) /Library/WebServer/Documents/Sample_CMS/Application/Admin/Controller/ContentController.class.php 第 14 行.
NOTIC: [2] Declaration of Admin\Controller\ContentController::listorder() should be compatible with Admin\Controller\CommonController::listorder($model = '') /Library/WebServer/Documents/Sample_CMS/Application/Admin/Controller/ContentController.class.php 第 14 行.
NOTIC: [8] Undefined index: title /Library/WebServer/Documents/Sample_CMS/Application/Admin/Controller/ContentController.class.php 第 20 行.
NOTIC: [8] Undefined index: catid /Library/WebServer/Documents/Sample_CMS/Application/Admin/Controller/ContentController.class.php 第 24 行.
NOTIC: [8] Undefined index: p /Library/WebServer/Documents/Sample_CMS/Application/Admin/Controller/ContentController.class.php 第 28 行.
NOTIC: [2] Declaration of Common\Model\NewsModel::find($id) should be compatible with Think\Model::find($options = Array) /Library/WebServer/Documents/Sample_CMS/Application/Common/Model/NewsModel.class.php 第 11 行.
SQL: SHOW COLUMNS FROM `cms_news` [ RunTime:0.0146s ]
SQL: SELECT * FROM `cms_news` WHERE `status` <> -1 ORDER BY listorder desc ,news_id desc LIMIT 0,10   [ RunTime:0.0165s ]
SQL: SELECT COUNT(*) AS tp_count FROM `cms_news` WHERE `status` <> -1 LIMIT 1   [ RunTime:0.0108s ]
NOTIC: [8] Undefined variable: sing_path /Library/WebServer/Documents/Sample_CMS/ThinkPHP/Common/functions.php 第 991 行.
NOTIC: [2] Declaration of Common\Model\PositionModel::find($id) should be compatible with Think\Model::find($options = Array) /Library/WebServer/Documents/Sample_CMS/Application/Common/Model/PositionModel.class.php 第 81 行.
SQL: SHOW COLUMNS FROM `cms_position` [ RunTime:0.0103s ]
SQL: SELECT * FROM `cms_position` WHERE `status` = 1 ORDER BY id  [ RunTime:0.0101s ]
NOTIC: [8] Undefined index: title /Library/WebServer/Documents/Sample_CMS/Application/Admin/Controller/ContentController.class.php 第 37 行.
NOTIC: [8] Undefined index: catid /Library/WebServer/Documents/Sample_CMS/Application/Admin/Controller/ContentController.class.php 第 38 行.
NOTIC: [2] Declaration of Common\Model\MenuModel::find($id) should be compatible with Think\Model::find($options = Array) /Library/WebServer/Documents/Sample_CMS/Application/Common/Model/MenuModel.class.php 第 109 行.
SQL: SHOW COLUMNS FROM `cms_menu` [ RunTime:0.0101s ]
SQL: SELECT * FROM `cms_menu` WHERE `status` = 1 AND `type` = 0 ORDER BY listorder desc,menu_id desc  [ RunTime:0.0101s ]
INFO: [ view_parse ] --START--
INFO: [ template_filter ] --START--
INFO: Run Behavior\ContentReplaceBehavior [ RunTime:0.000057s ]
INFO: [ template_filter ] --END-- [ RunTime:0.000117s ]
ERR: syntax error, unexpected 'else' (T_ELSE)

[ 2017-07-13T00:07:29+08:00 ] ::1 /Sample_CMS/admin.php?c=content
INFO: [ app_init ] --START--
INFO: Run Behavior\BuildLiteBehavior [ RunTime:0.000030s ]
INFO: [ app_init ] --END-- [ RunTime:0.000550s ]
INFO: [ app_begin ] --START--
INFO: Run Behavior\ReadHtmlCacheBehavior [ RunTime:0.001385s ]
INFO: [ app_begin ] --END-- [ RunTime:0.002576s ]
NOTIC: [2] Declaration of Admin\Controller\ContentController::setStatus() should be compatible with Admin\Controller\CommonController::setStatus($data, $models) /Library/WebServer/Documents/Sample_CMS/Application/Admin/Controller/ContentController.class.php 第 14 行.
NOTIC: [2] Declaration of Admin\Controller\ContentController::listorder() should be compatible with Admin\Controller\CommonController::listorder($model = '') /Library/WebServer/Documents/Sample_CMS/Application/Admin/Controller/ContentController.class.php 第 14 行.
NOTIC: [8] Undefined index: title /Library/WebServer/Documents/Sample_CMS/Application/Admin/Controller/ContentController.class.php 第 20 行.
NOTIC: [8] Undefined index: catid /Library/WebServer/Documents/Sample_CMS/Application/Admin/Controller/ContentController.class.php 第 24 行.
NOTIC: [8] Undefined index: p /Library/WebServer/Documents/Sample_CMS/Application/Admin/Controller/ContentController.class.php 第 28 行.
NOTIC: [2] Declaration of Common\Model\NewsModel::find($id) should be compatible with Think\Model::find($options = Array) /Library/WebServer/Documents/Sample_CMS/Application/Common/Model/NewsModel.class.php 第 11 行.
SQL: SHOW COLUMNS FROM `cms_news` [ RunTime:0.0121s ]
SQL: SELECT * FROM `cms_news` WHERE `status` <> -1 ORDER BY listorder desc ,news_id desc LIMIT 0,10   [ RunTime:0.0117s ]
SQL: SELECT COUNT(*) AS tp_count FROM `cms_news` WHERE `status` <> -1 LIMIT 1   [ RunTime:0.0111s ]
NOTIC: [8] Undefined variable: sing_path /Library/WebServer/Documents/Sample_CMS/ThinkPHP/Common/functions.php 第 991 行.
NOTIC: [2] Declaration of Common\Model\PositionModel::find($id) should be compatible with Think\Model::find($options = Array) /Library/WebServer/Documents/Sample_CMS/Application/Common/Model/PositionModel.class.php 第 81 行.
SQL: SHOW COLUMNS FROM `cms_position` [ RunTime:0.0130s ]
SQL: SELECT * FROM `cms_position` WHERE `status` = 1 ORDER BY id  [ RunTime:0.0112s ]
NOTIC: [8] Undefined index: title /Library/WebServer/Documents/Sample_CMS/Application/Admin/Controller/ContentController.class.php 第 37 行.
NOTIC: [8] Undefined index: catid /Library/WebServer/Documents/Sample_CMS/Application/Admin/Controller/ContentController.class.php 第 38 行.
NOTIC: [2] Declaration of Common\Model\MenuModel::find($id) should be compatible with Think\Model::find($options = Array) /Library/WebServer/Documents/Sample_CMS/Application/Common/Model/MenuModel.class.php 第 109 行.
SQL: SHOW COLUMNS FROM `cms_menu` [ RunTime:0.0124s ]
SQL: SELECT * FROM `cms_menu` WHERE `status` = 1 AND `type` = 0 ORDER BY listorder desc,menu_id desc  [ RunTime:0.0113s ]
INFO: [ view_parse ] --START--
INFO: [ template_filter ] --START--
INFO: Run Behavior\ContentReplaceBehavior [ RunTime:0.000058s ]
INFO: [ template_filter ] --END-- [ RunTime:0.000119s ]
SQL: SELECT * FROM `cms_menu` WHERE `status` <> -1 AND `type` = 1 ORDER BY listorder desc,menu_id desc  [ RunTime:0.0139s ]
NOTIC: [8] Undefined index: a /Library/WebServer/Documents/Sample_CMS/Application/Common/Common/function.php 第 42 行.
NOTIC: [8] Undefined index: a /Library/WebServer/Documents/Sample_CMS/Application/Common/Common/function.php 第 42 行.
NOTIC: [8] Undefined index: a /Library/WebServer/Documents/Sample_CMS/Application/Common/Common/function.php 第 42 行.
NOTIC: [8] Undefined index: a /Library/WebServer/Documents/Sample_CMS/Application/Common/Common/function.php 第 42 行.
NOTIC: [8] Undefined index: a /Library/WebServer/Documents/Sample_CMS/Application/Common/Common/function.php 第 42 行.
NOTIC: [8] Undefined index: a /Library/WebServer/Documents/Sample_CMS/Application/Common/Common/function.php 第 42 行.
NOTIC: [8] Use of undefined constant menu_id - assumed 'menu_id' /Library/WebServer/Documents/Sample_CMS/Application/Runtime/Cache/Admin/ccc9ced3ad798311a07cb47b740981c5.php 第 119 行.
NOTIC: [8] Array to string conversion /Library/WebServer/Documents/Sample_CMS/Application/Runtime/Cache/Admin/ccc9ced3ad798311a07cb47b740981c5.php 第 119 行.
NOTIC: [8] Use of undefined constant menu_id - assumed 'menu_id' /Library/WebServer/Documents/Sample_CMS/Application/Runtime/Cache/Admin/ccc9ced3ad798311a07cb47b740981c5.php 第 119 行.
NOTIC: [8] Array to string conversion /Library/WebServer/Documents/Sample_CMS/Application/Runtime/Cache/Admin/ccc9ced3ad798311a07cb47b740981c5.php 第 119 行.
NOTIC: [8] Use of undefined constant menu_id - assumed 'menu_id' /Library/WebServer/Documents/Sample_CMS/Application/Runtime/Cache/Admin/ccc9ced3ad798311a07cb47b740981c5.php 第 119 行.
NOTIC: [8] Array to string conversion /Library/WebServer/Documents/Sample_CMS/Application/Runtime/Cache/Admin/ccc9ced3ad798311a07cb47b740981c5.php 第 119 行.
INFO: Run Behavior\ParseTemplateBehavior [ RunTime:0.024896s ]
INFO: [ view_parse ] --END-- [ RunTime:0.025014s ]
INFO: [ view_filter ] --START--
INFO: Run Behavior\WriteHtmlCacheBehavior [ RunTime:0.000257s ]
INFO: [ view_filter ] --END-- [ RunTime:0.000350s ]
INFO: [ app_end ] --START--
INFO: Run Behavior\ShowPageTraceBehavior [ RunTime:0.000738s ]
INFO: [ app_end ] --END-- [ RunTime:0.000829s ]

[ 2017-07-13T00:08:00+08:00 ] ::1 /Sample_CMS/admin.php?c=content&a=setStatus
INFO: [ app_init ] --START--
INFO: Run Behavior\BuildLiteBehavior [ RunTime:0.000018s ]
INFO: [ app_init ] --END-- [ RunTime:0.000228s ]
INFO: [ app_begin ] --START--
INFO: Run Behavior\ReadHtmlCacheBehavior [ RunTime:0.000377s ]
INFO: [ app_begin ] --END-- [ RunTime:0.000469s ]
NOTIC: [2] Declaration of Admin\Controller\ContentController::setStatus() should be compatible with Admin\Controller\CommonController::setStatus($data, $models) /Library/WebServer/Documents/Sample_CMS/Application/Admin/Controller/ContentController.class.php 第 14 行.
NOTIC: [2] Declaration of Admin\Controller\ContentController::listorder() should be compatible with Admin\Controller\CommonController::listorder($model = '') /Library/WebServer/Documents/Sample_CMS/Application/Admin/Controller/ContentController.class.php 第 14 行.
NOTIC: [2] Declaration of Common\Model\NewsModel::find($id) should be compatible with Think\Model::find($options = Array) /Library/WebServer/Documents/Sample_CMS/Application/Common/Model/NewsModel.class.php 第 11 行.
SQL: SHOW COLUMNS FROM `cms_news` [ RunTime:0.0125s ]
SQL: UPDATE `cms_news` SET `status`='-1' WHERE ( news_id=25 ) [ RunTime:0.0146s ]

[ 2017-07-13T00:08:01+08:00 ] ::1 /Sample_CMS/admin.php?c=content
INFO: [ app_init ] --START--
INFO: Run Behavior\BuildLiteBehavior [ RunTime:0.000016s ]
INFO: [ app_init ] --END-- [ RunTime:0.000223s ]
INFO: [ app_begin ] --START--
INFO: Run Behavior\ReadHtmlCacheBehavior [ RunTime:0.000248s ]
INFO: [ app_begin ] --END-- [ RunTime:0.000299s ]
NOTIC: [2] Declaration of Admin\Controller\ContentController::setStatus() should be compatible with Admin\Controller\CommonController::setStatus($data, $models) /Library/WebServer/Documents/Sample_CMS/Application/Admin/Controller/ContentController.class.php 第 14 行.
NOTIC: [2] Declaration of Admin\Controller\ContentController::listorder() should be compatible with Admin\Controller\CommonController::listorder($model = '') /Library/WebServer/Documents/Sample_CMS/Application/Admin/Controller/ContentController.class.php 第 14 行.
NOTIC: [8] Undefined index: title /Library/WebServer/Documents/Sample_CMS/Application/Admin/Controller/ContentController.class.php 第 20 行.
NOTIC: [8] Undefined index: catid /Library/WebServer/Documents/Sample_CMS/Application/Admin/Controller/ContentController.class.php 第 24 行.
NOTIC: [8] Undefined index: p /Library/WebServer/Documents/Sample_CMS/Application/Admin/Controller/ContentController.class.php 第 28 行.
NOTIC: [2] Declaration of Common\Model\NewsModel::find($id) should be compatible with Think\Model::find($options = Array) /Library/WebServer/Documents/Sample_CMS/Application/Common/Model/NewsModel.class.php 第 11 行.
SQL: SHOW COLUMNS FROM `cms_news` [ RunTime:0.0201s ]
SQL: SELECT * FROM `cms_news` WHERE `status` <> -1 ORDER BY listorder desc ,news_id desc LIMIT 0,10   [ RunTime:0.0126s ]
SQL: SELECT COUNT(*) AS tp_count FROM `cms_news` WHERE `status` <> -1 LIMIT 1   [ RunTime:0.0132s ]
NOTIC: [8] Undefined variable: sing_path /Library/WebServer/Documents/Sample_CMS/ThinkPHP/Common/functions.php 第 991 行.
NOTIC: [2] Declaration of Common\Model\PositionModel::find($id) should be compatible with Think\Model::find($options = Array) /Library/WebServer/Documents/Sample_CMS/Application/Common/Model/PositionModel.class.php 第 81 行.
SQL: SHOW COLUMNS FROM `cms_position` [ RunTime:0.0124s ]
SQL: SELECT * FROM `cms_position` WHERE `status` = 1 ORDER BY id  [ RunTime:0.0122s ]
NOTIC: [8] Undefined index: title /Library/WebServer/Documents/Sample_CMS/Application/Admin/Controller/ContentController.class.php 第 37 行.
NOTIC: [8] Undefined index: catid /Library/WebServer/Documents/Sample_CMS/Application/Admin/Controller/ContentController.class.php 第 38 行.
NOTIC: [2] Declaration of Common\Model\MenuModel::find($id) should be compatible with Think\Model::find($options = Array) /Library/WebServer/Documents/Sample_CMS/Application/Common/Model/MenuModel.class.php 第 109 行.
SQL: SHOW COLUMNS FROM `cms_menu` [ RunTime:0.0149s ]
SQL: SELECT * FROM `cms_menu` WHERE `status` = 1 AND `type` = 0 ORDER BY listorder desc,menu_id desc  [ RunTime:0.0118s ]
INFO: [ view_parse ] --START--
INFO: [ template_filter ] --START--
INFO: Run Behavior\ContentReplaceBehavior [ RunTime:0.000059s ]
INFO: [ template_filter ] --END-- [ RunTime:0.000124s ]
SQL: SELECT * FROM `cms_menu` WHERE `status` <> -1 AND `type` = 1 ORDER BY listorder desc,menu_id desc  [ RunTime:0.0122s ]
NOTIC: [8] Undefined index: a /Library/WebServer/Documents/Sample_CMS/Application/Common/Common/function.php 第 42 行.
NOTIC: [8] Undefined index: a /Library/WebServer/Documents/Sample_CMS/Application/Common/Common/function.php 第 42 行.
NOTIC: [8] Undefined index: a /Library/WebServer/Documents/Sample_CMS/Application/Common/Common/function.php 第 42 行.
NOTIC: [8] Undefined index: a /Library/WebServer/Documents/Sample_CMS/Application/Common/Common/function.php 第 42 行.
NOTIC: [8] Undefined index: a /Library/WebServer/Documents/Sample_CMS/Application/Common/Common/function.php 第 42 行.
NOTIC: [8] Undefined index: a /Library/WebServer/Documents/Sample_CMS/Application/Common/Common/function.php 第 42 行.
NOTIC: [8] Use of undefined constant menu_id - assumed 'menu_id' /Library/WebServer/Documents/Sample_CMS/Application/Runtime/Cache/Admin/ccc9ced3ad798311a07cb47b740981c5.php 第 119 行.
NOTIC: [8] Array to string conversion /Library/WebServer/Documents/Sample_CMS/Application/Runtime/Cache/Admin/ccc9ced3ad798311a07cb47b740981c5.php 第 119 行.
NOTIC: [8] Use of undefined constant menu_id - assumed 'menu_id' /Library/WebServer/Documents/Sample_CMS/Application/Runtime/Cache/Admin/ccc9ced3ad798311a07cb47b740981c5.php 第 119 行.
NOTIC: [8] Array to string conversion /Library/WebServer/Documents/Sample_CMS/Application/Runtime/Cache/Admin/ccc9ced3ad798311a07cb47b740981c5.php 第 119 行.
NOTIC: [8] Use of undefined constant menu_id - assumed 'menu_id' /Library/WebServer/Documents/Sample_CMS/Application/Runtime/Cache/Admin/ccc9ced3ad798311a07cb47b740981c5.php 第 119 行.
NOTIC: [8] Array to string conversion /Library/WebServer/Documents/Sample_CMS/Application/Runtime/Cache/Admin/ccc9ced3ad798311a07cb47b740981c5.php 第 119 行.
INFO: Run Behavior\ParseTemplateBehavior [ RunTime:0.021705s ]
INFO: [ view_parse ] --END-- [ RunTime:0.021776s ]
INFO: [ view_filter ] --START--
INFO: Run Behavior\WriteHtmlCacheBehavior [ RunTime:0.000163s ]
INFO: [ view_filter ] --END-- [ RunTime:0.000216s ]
INFO: [ app_end ] --START--
INFO: Run Behavior\ShowPageTraceBehavior [ RunTime:0.000652s ]
INFO: [ app_end ] --END-- [ RunTime:0.000840s ]

[ 2017-07-13T00:08:06+08:00 ] ::1 /Sample_CMS/admin.php?c=content&a=setStatus
INFO: [ app_init ] --START--
INFO: Run Behavior\BuildLiteBehavior [ RunTime:0.000016s ]
INFO: [ app_init ] --END-- [ RunTime:0.000224s ]
INFO: [ app_begin ] --START--
INFO: Run Behavior\ReadHtmlCacheBehavior [ RunTime:0.000245s ]
INFO: [ app_begin ] --END-- [ RunTime:0.000290s ]
NOTIC: [2] Declaration of Admin\Controller\ContentController::setStatus() should be compatible with Admin\Controller\CommonController::setStatus($data, $models) /Library/WebServer/Documents/Sample_CMS/Application/Admin/Controller/ContentController.class.php 第 14 行.
NOTIC: [2] Declaration of Admin\Controller\ContentController::listorder() should be compatible with Admin\Controller\CommonController::listorder($model = '') /Library/WebServer/Documents/Sample_CMS/Application/Admin/Controller/ContentController.class.php 第 14 行.
NOTIC: [2] Declaration of Common\Model\NewsModel::find($id) should be compatible with Think\Model::find($options = Array) /Library/WebServer/Documents/Sample_CMS/Application/Common/Model/NewsModel.class.php 第 11 行.
SQL: SHOW COLUMNS FROM `cms_news` [ RunTime:0.0109s ]
SQL: UPDATE `cms_news` SET `status`='0' WHERE ( news_id=24 ) [ RunTime:0.0160s ]

[ 2017-07-13T00:08:22+08:00 ] ::1 /Sample_CMS/admin.php?c=content&a=setStatus
INFO: [ app_init ] --START--
INFO: Run Behavior\BuildLiteBehavior [ RunTime:0.000017s ]
INFO: [ app_init ] --END-- [ RunTime:0.000227s ]
INFO: [ app_begin ] --START--
INFO: Run Behavior\ReadHtmlCacheBehavior [ RunTime:0.000497s ]
INFO: [ app_begin ] --END-- [ RunTime:0.000571s ]
NOTIC: [2] Declaration of Admin\Controller\ContentController::setStatus() should be compatible with Admin\Controller\CommonController::setStatus($data, $models) /Library/WebServer/Documents/Sample_CMS/Application/Admin/Controller/ContentController.class.php 第 14 行.
NOTIC: [2] Declaration of Admin\Controller\ContentController::listorder() should be compatible with Admin\Controller\CommonController::listorder($model = '') /Library/WebServer/Documents/Sample_CMS/Application/Admin/Controller/ContentController.class.php 第 14 行.
NOTIC: [2] Declaration of Common\Model\NewsModel::find($id) should be compatible with Think\Model::find($options = Array) /Library/WebServer/Documents/Sample_CMS/Application/Common/Model/NewsModel.class.php 第 11 行.
SQL: SHOW COLUMNS FROM `cms_news` [ RunTime:0.0211s ]
SQL: UPDATE `cms_news` SET `status`='0' WHERE ( news_id=23 ) [ RunTime:0.0181s ]

[ 2017-07-13T00:08:23+08:00 ] ::1 /Sample_CMS/admin.php?c=content
INFO: [ app_init ] --START--
INFO: Run Behavior\BuildLiteBehavior [ RunTime:0.000029s ]
INFO: [ app_init ] --END-- [ RunTime:0.000453s ]
INFO: [ app_begin ] --START--
INFO: Run Behavior\ReadHtmlCacheBehavior [ RunTime:0.000627s ]
INFO: [ app_begin ] --END-- [ RunTime:0.000814s ]
NOTIC: [2] Declaration of Admin\Controller\ContentController::setStatus() should be compatible with Admin\Controller\CommonController::setStatus($data, $models) /Library/WebServer/Documents/Sample_CMS/Application/Admin/Controller/ContentController.class.php 第 14 行.
NOTIC: [2] Declaration of Admin\Controller\ContentController::listorder() should be compatible with Admin\Controller\CommonController::listorder($model = '') /Library/WebServer/Documents/Sample_CMS/Application/Admin/Controller/ContentController.class.php 第 14 行.
NOTIC: [8] Undefined index: title /Library/WebServer/Documents/Sample_CMS/Application/Admin/Controller/ContentController.class.php 第 20 行.
NOTIC: [8] Undefined index: catid /Library/WebServer/Documents/Sample_CMS/Application/Admin/Controller/ContentController.class.php 第 24 行.
NOTIC: [8] Undefined index: p /Library/WebServer/Documents/Sample_CMS/Application/Admin/Controller/ContentController.class.php 第 28 行.
NOTIC: [2] Declaration of Common\Model\NewsModel::find($id) should be compatible with Think\Model::find($options = Array) /Library/WebServer/Documents/Sample_CMS/Application/Common/Model/NewsModel.class.php 第 11 行.
SQL: SHOW COLUMNS FROM `cms_news` [ RunTime:0.0112s ]
SQL: SELECT * FROM `cms_news` WHERE `status` <> -1 ORDER BY listorder desc ,news_id desc LIMIT 0,10   [ RunTime:0.0153s ]
SQL: SELECT COUNT(*) AS tp_count FROM `cms_news` WHERE `status` <> -1 LIMIT 1   [ RunTime:0.0105s ]
NOTIC: [8] Undefined variable: sing_path /Library/WebServer/Documents/Sample_CMS/ThinkPHP/Common/functions.php 第 991 行.
NOTIC: [2] Declaration of Common\Model\PositionModel::find($id) should be compatible with Think\Model::find($options = Array) /Library/WebServer/Documents/Sample_CMS/Application/Common/Model/PositionModel.class.php 第 81 行.
SQL: SHOW COLUMNS FROM `cms_position` [ RunTime:0.0125s ]
SQL: SELECT * FROM `cms_position` WHERE `status` = 1 ORDER BY id  [ RunTime:0.0107s ]
NOTIC: [8] Undefined index: title /Library/WebServer/Documents/Sample_CMS/Application/Admin/Controller/ContentController.class.php 第 37 行.
NOTIC: [8] Undefined index: catid /Library/WebServer/Documents/Sample_CMS/Application/Admin/Controller/ContentController.class.php 第 38 行.
NOTIC: [2] Declaration of Common\Model\MenuModel::find($id) should be compatible with Think\Model::find($options = Array) /Library/WebServer/Documents/Sample_CMS/Application/Common/Model/MenuModel.class.php 第 109 行.
SQL: SHOW COLUMNS FROM `cms_menu` [ RunTime:0.0118s ]
SQL: SELECT * FROM `cms_menu` WHERE `status` = 1 AND `type` = 0 ORDER BY listorder desc,menu_id desc  [ RunTime:0.0119s ]
INFO: [ view_parse ] --START--
INFO: [ template_filter ] --START--
INFO: Run Behavior\ContentReplaceBehavior [ RunTime:0.000056s ]
INFO: [ template_filter ] --END-- [ RunTime:0.000115s ]
SQL: SELECT * FROM `cms_menu` WHERE `status` <> -1 AND `type` = 1 ORDER BY listorder desc,menu_id desc  [ RunTime:0.0118s ]
NOTIC: [8] Undefined index: a /Library/WebServer/Documents/Sample_CMS/Application/Common/Common/function.php 第 42 行.
NOTIC: [8] Undefined index: a /Library/WebServer/Documents/Sample_CMS/Application/Common/Common/function.php 第 42 行.
NOTIC: [8] Undefined index: a /Library/WebServer/Documents/Sample_CMS/Application/Common/Common/function.php 第 42 行.
NOTIC: [8] Undefined index: a /Library/WebServer/Documents/Sample_CMS/Application/Common/Common/function.php 第 42 行.
NOTIC: [8] Undefined index: a /Library/WebServer/Documents/Sample_CMS/Application/Common/Common/function.php 第 42 行.
NOTIC: [8] Undefined index: a /Library/WebServer/Documents/Sample_CMS/Application/Common/Common/function.php 第 42 行.
NOTIC: [8] Use of undefined constant menu_id - assumed 'menu_id' /Library/WebServer/Documents/Sample_CMS/Application/Runtime/Cache/Admin/ccc9ced3ad798311a07cb47b740981c5.php 第 119 行.
NOTIC: [8] Array to string conversion /Library/WebServer/Documents/Sample_CMS/Application/Runtime/Cache/Admin/ccc9ced3ad798311a07cb47b740981c5.php 第 119 行.
NOTIC: [8] Use of undefined constant menu_id - assumed 'menu_id' /Library/WebServer/Documents/Sample_CMS/Application/Runtime/Cache/Admin/ccc9ced3ad798311a07cb47b740981c5.php 第 119 行.
NOTIC: [8] Array to string conversion /Library/WebServer/Documents/Sample_CMS/Application/Runtime/Cache/Admin/ccc9ced3ad798311a07cb47b740981c5.php 第 119 行.
NOTIC: [8] Use of undefined constant menu_id - assumed 'menu_id' /Library/WebServer/Documents/Sample_CMS/Application/Runtime/Cache/Admin/ccc9ced3ad798311a07cb47b740981c5.php 第 119 行.
NOTIC: [8] Array to string conversion /Library/WebServer/Documents/Sample_CMS/Application/Runtime/Cache/Admin/ccc9ced3ad798311a07cb47b740981c5.php 第 119 行.
INFO: Run Behavior\ParseTemplateBehavior [ RunTime:0.021641s ]
INFO: [ view_parse ] --END-- [ RunTime:0.021732s ]
INFO: [ view_filter ] --START--
INFO: Run Behavior\WriteHtmlCacheBehavior [ RunTime:0.000249s ]
INFO: [ view_filter ] --END-- [ RunTime:0.000332s ]
INFO: [ app_end ] --START--
INFO: Run Behavior\ShowPageTraceBehavior [ RunTime:0.000891s ]
INFO: [ app_end ] --END-- [ RunTime:0.001013s ]

[ 2017-07-13T00:08:28+08:00 ] ::1 /Sample_CMS/admin.php?c=content&a=setStatus
INFO: [ app_init ] --START--
INFO: Run Behavior\BuildLiteBehavior [ RunTime:0.000016s ]
INFO: [ app_init ] --END-- [ RunTime:0.000240s ]
INFO: [ app_begin ] --START--
INFO: Run Behavior\ReadHtmlCacheBehavior [ RunTime:0.000258s ]
INFO: [ app_begin ] --END-- [ RunTime:0.000306s ]
NOTIC: [2] Declaration of Admin\Controller\ContentController::setStatus() should be compatible with Admin\Controller\CommonController::setStatus($data, $models) /Library/WebServer/Documents/Sample_CMS/Application/Admin/Controller/ContentController.class.php 第 14 行.
NOTIC: [2] Declaration of Admin\Controller\ContentController::listorder() should be compatible with Admin\Controller\CommonController::listorder($model = '') /Library/WebServer/Documents/Sample_CMS/Application/Admin/Controller/ContentController.class.php 第 14 行.
NOTIC: [2] Declaration of Common\Model\NewsModel::find($id) should be compatible with Think\Model::find($options = Array) /Library/WebServer/Documents/Sample_CMS/Application/Common/Model/NewsModel.class.php 第 11 行.
SQL: SHOW COLUMNS FROM `cms_news` [ RunTime:0.0115s ]
SQL: UPDATE `cms_news` SET `status`='1' WHERE ( news_id=23 ) [ RunTime:0.0136s ]

[ 2017-07-13T00:08:29+08:00 ] ::1 /Sample_CMS/admin.php?c=content
INFO: [ app_init ] --START--
INFO: Run Behavior\BuildLiteBehavior [ RunTime:0.000030s ]
INFO: [ app_init ] --END-- [ RunTime:0.000800s ]
INFO: [ app_begin ] --START--
INFO: Run Behavior\ReadHtmlCacheBehavior [ RunTime:0.001747s ]
INFO: [ app_begin ] --END-- [ RunTime:0.001875s ]
NOTIC: [2] Declaration of Admin\Controller\ContentController::setStatus() should be compatible with Admin\Controller\CommonController::setStatus($data, $models) /Library/WebServer/Documents/Sample_CMS/Application/Admin/Controller/ContentController.class.php 第 14 行.
NOTIC: [2] Declaration of Admin\Controller\ContentController::listorder() should be compatible with Admin\Controller\CommonController::listorder($model = '') /Library/WebServer/Documents/Sample_CMS/Application/Admin/Controller/ContentController.class.php 第 14 行.
NOTIC: [8] Undefined index: title /Library/WebServer/Documents/Sample_CMS/Application/Admin/Controller/ContentController.class.php 第 20 行.
NOTIC: [8] Undefined index: catid /Library/WebServer/Documents/Sample_CMS/Application/Admin/Controller/ContentController.class.php 第 24 行.
NOTIC: [8] Undefined index: p /Library/WebServer/Documents/Sample_CMS/Application/Admin/Controller/ContentController.class.php 第 28 行.
NOTIC: [2] Declaration of Common\Model\NewsModel::find($id) should be compatible with Think\Model::find($options = Array) /Library/WebServer/Documents/Sample_CMS/Application/Common/Model/NewsModel.class.php 第 11 行.
SQL: SHOW COLUMNS FROM `cms_news` [ RunTime:0.0152s ]
SQL: SELECT * FROM `cms_news` WHERE `status` <> -1 ORDER BY listorder desc ,news_id desc LIMIT 0,10   [ RunTime:0.0130s ]
SQL: SELECT COUNT(*) AS tp_count FROM `cms_news` WHERE `status` <> -1 LIMIT 1   [ RunTime:0.0730s ]
NOTIC: [8] Undefined variable: sing_path /Library/WebServer/Documents/Sample_CMS/ThinkPHP/Common/functions.php 第 991 行.
NOTIC: [2] Declaration of Common\Model\PositionModel::find($id) should be compatible with Think\Model::find($options = Array) /Library/WebServer/Documents/Sample_CMS/Application/Common/Model/PositionModel.class.php 第 81 行.
SQL: SHOW COLUMNS FROM `cms_position` [ RunTime:0.0142s ]
SQL: SELECT * FROM `cms_position` WHERE `status` = 1 ORDER BY id  [ RunTime:0.0131s ]
NOTIC: [8] Undefined index: title /Library/WebServer/Documents/Sample_CMS/Application/Admin/Controller/ContentController.class.php 第 37 行.
NOTIC: [8] Undefined index: catid /Library/WebServer/Documents/Sample_CMS/Application/Admin/Controller/ContentController.class.php 第 38 行.
NOTIC: [2] Declaration of Common\Model\MenuModel::find($id) should be compatible with Think\Model::find($options = Array) /Library/WebServer/Documents/Sample_CMS/Application/Common/Model/MenuModel.class.php 第 109 行.
SQL: SHOW COLUMNS FROM `cms_menu` [ RunTime:0.0118s ]
SQL: SELECT * FROM `cms_menu` WHERE `status` = 1 AND `type` = 0 ORDER BY listorder desc,menu_id desc  [ RunTime:0.0148s ]
INFO: [ view_parse ] --START--
INFO: [ template_filter ] --START--
INFO: Run Behavior\ContentReplaceBehavior [ RunTime:0.000055s ]
INFO: [ template_filter ] --END-- [ RunTime:0.000111s ]
SQL: SELECT * FROM `cms_menu` WHERE `status` <> -1 AND `type` = 1 ORDER BY listorder desc,menu_id desc  [ RunTime:0.0123s ]
NOTIC: [8] Undefined index: a /Library/WebServer/Documents/Sample_CMS/Application/Common/Common/function.php 第 42 行.
NOTIC: [8] Undefined index: a /Library/WebServer/Documents/Sample_CMS/Application/Common/Common/function.php 第 42 行.
NOTIC: [8] Undefined index: a /Library/WebServer/Documents/Sample_CMS/Application/Common/Common/function.php 第 42 行.
NOTIC: [8] Undefined index: a /Library/WebServer/Documents/Sample_CMS/Application/Common/Common/function.php 第 42 行.
NOTIC: [8] Undefined index: a /Library/WebServer/Documents/Sample_CMS/Application/Common/Common/function.php 第 42 行.
NOTIC: [8] Undefined index: a /Library/WebServer/Documents/Sample_CMS/Application/Common/Common/function.php 第 42 行.
NOTIC: [8] Use of undefined constant menu_id - assumed 'menu_id' /Library/WebServer/Documents/Sample_CMS/Application/Runtime/Cache/Admin/ccc9ced3ad798311a07cb47b740981c5.php 第 119 行.
NOTIC: [8] Array to string conversion /Library/WebServer/Documents/Sample_CMS/Application/Runtime/Cache/Admin/ccc9ced3ad798311a07cb47b740981c5.php 第 119 行.
NOTIC: [8] Use of undefined constant menu_id - assumed 'menu_id' /Library/WebServer/Documents/Sample_CMS/Application/Runtime/Cache/Admin/ccc9ced3ad798311a07cb47b740981c5.php 第 119 行.
NOTIC: [8] Array to string conversion /Library/WebServer/Documents/Sample_CMS/Application/Runtime/Cache/Admin/ccc9ced3ad798311a07cb47b740981c5.php 第 119 行.
NOTIC: [8] Use of undefined constant menu_id - assumed 'menu_id' /Library/WebServer/Documents/Sample_CMS/Application/Runtime/Cache/Admin/ccc9ced3ad798311a07cb47b740981c5.php 第 119 行.
NOTIC: [8] Array to string conversion /Library/WebServer/Documents/Sample_CMS/Application/Runtime/Cache/Admin/ccc9ced3ad798311a07cb47b740981c5.php 第 119 行.
INFO: Run Behavior\ParseTemplateBehavior [ RunTime:0.021798s ]
INFO: [ view_parse ] --END-- [ RunTime:0.021889s ]
INFO: [ view_filter ] --START--
INFO: Run Behavior\WriteHtmlCacheBehavior [ RunTime:0.000251s ]
INFO: [ view_filter ] --END-- [ RunTime:0.000335s ]
INFO: [ app_end ] --START--
INFO: Run Behavior\ShowPageTraceBehavior [ RunTime:0.000926s ]
INFO: [ app_end ] --END-- [ RunTime:0.001042s ]

[ 2017-07-13T00:08:43+08:00 ] ::1 /Sample_CMS/admin.php?c=content
INFO: [ app_init ] --START--
INFO: Run Behavior\BuildLiteBehavior [ RunTime:0.000025s ]
INFO: [ app_init ] --END-- [ RunTime:0.000411s ]
INFO: [ app_begin ] --START--
INFO: Run Behavior\ReadHtmlCacheBehavior [ RunTime:0.000555s ]
INFO: [ app_begin ] --END-- [ RunTime:0.000728s ]
NOTIC: [2] Declaration of Admin\Controller\ContentController::setStatus() should be compatible with Admin\Controller\CommonController::setStatus($data, $models) /Library/WebServer/Documents/Sample_CMS/Application/Admin/Controller/ContentController.class.php 第 14 行.
NOTIC: [2] Declaration of Admin\Controller\ContentController::listorder() should be compatible with Admin\Controller\CommonController::listorder($model = '') /Library/WebServer/Documents/Sample_CMS/Application/Admin/Controller/ContentController.class.php 第 14 行.
NOTIC: [8] Undefined index: title /Library/WebServer/Documents/Sample_CMS/Application/Admin/Controller/ContentController.class.php 第 20 行.
NOTIC: [8] Undefined index: catid /Library/WebServer/Documents/Sample_CMS/Application/Admin/Controller/ContentController.class.php 第 24 行.
NOTIC: [8] Undefined index: p /Library/WebServer/Documents/Sample_CMS/Application/Admin/Controller/ContentController.class.php 第 28 行.
NOTIC: [2] Declaration of Common\Model\NewsModel::find($id) should be compatible with Think\Model::find($options = Array) /Library/WebServer/Documents/Sample_CMS/Application/Common/Model/NewsModel.class.php 第 11 行.
SQL: SHOW COLUMNS FROM `cms_news` [ RunTime:0.0146s ]
SQL: SELECT * FROM `cms_news` WHERE `status` <> -1 ORDER BY listorder desc ,news_id desc LIMIT 0,10   [ RunTime:0.0164s ]
SQL: SELECT COUNT(*) AS tp_count FROM `cms_news` WHERE `status` <> -1 LIMIT 1   [ RunTime:0.0411s ]
NOTIC: [8] Undefined variable: sing_path /Library/WebServer/Documents/Sample_CMS/ThinkPHP/Common/functions.php 第 991 行.
NOTIC: [2] Declaration of Common\Model\PositionModel::find($id) should be compatible with Think\Model::find($options = Array) /Library/WebServer/Documents/Sample_CMS/Application/Common/Model/PositionModel.class.php 第 81 行.
SQL: SHOW COLUMNS FROM `cms_position` [ RunTime:0.0118s ]
SQL: SELECT * FROM `cms_position` WHERE `status` = 1 ORDER BY id  [ RunTime:0.0201s ]
NOTIC: [8] Undefined index: title /Library/WebServer/Documents/Sample_CMS/Application/Admin/Controller/ContentController.class.php 第 37 行.
NOTIC: [8] Undefined index: catid /Library/WebServer/Documents/Sample_CMS/Application/Admin/Controller/ContentController.class.php 第 38 行.
NOTIC: [2] Declaration of Common\Model\MenuModel::find($id) should be compatible with Think\Model::find($options = Array) /Library/WebServer/Documents/Sample_CMS/Application/Common/Model/MenuModel.class.php 第 109 行.
SQL: SHOW COLUMNS FROM `cms_menu` [ RunTime:0.0140s ]
SQL: SELECT * FROM `cms_menu` WHERE `status` = 1 AND `type` = 0 ORDER BY listorder desc,menu_id desc  [ RunTime:0.0144s ]
INFO: [ view_parse ] --START--
INFO: [ template_filter ] --START--
INFO: Run Behavior\ContentReplaceBehavior [ RunTime:0.000056s ]
INFO: [ template_filter ] --END-- [ RunTime:0.000115s ]
SQL: SELECT * FROM `cms_menu` WHERE `status` <> -1 AND `type` = 1 ORDER BY listorder desc,menu_id desc  [ RunTime:0.0119s ]
NOTIC: [8] Undefined index: a /Library/WebServer/Documents/Sample_CMS/Application/Common/Common/function.php 第 42 行.
NOTIC: [8] Undefined index: a /Library/WebServer/Documents/Sample_CMS/Application/Common/Common/function.php 第 42 行.
NOTIC: [8] Undefined index: a /Library/WebServer/Documents/Sample_CMS/Application/Common/Common/function.php 第 42 行.
NOTIC: [8] Undefined index: a /Library/WebServer/Documents/Sample_CMS/Application/Common/Common/function.php 第 42 行.
NOTIC: [8] Undefined index: a /Library/WebServer/Documents/Sample_CMS/Application/Common/Common/function.php 第 42 行.
NOTIC: [8] Undefined index: a /Library/WebServer/Documents/Sample_CMS/Application/Common/Common/function.php 第 42 行.
NOTIC: [8] Use of undefined constant menu_id - assumed 'menu_id' /Library/WebServer/Documents/Sample_CMS/Application/Runtime/Cache/Admin/ccc9ced3ad798311a07cb47b740981c5.php 第 119 行.
NOTIC: [8] Array to string conversion /Library/WebServer/Documents/Sample_CMS/Application/Runtime/Cache/Admin/ccc9ced3ad798311a07cb47b740981c5.php 第 119 行.
NOTIC: [8] Use of undefined constant menu_id - assumed 'menu_id' /Library/WebServer/Documents/Sample_CMS/Application/Runtime/Cache/Admin/ccc9ced3ad798311a07cb47b740981c5.php 第 119 行.
NOTIC: [8] Array to string conversion /Library/WebServer/Documents/Sample_CMS/Application/Runtime/Cache/Admin/ccc9ced3ad798311a07cb47b740981c5.php 第 119 行.
NOTIC: [8] Use of undefined constant menu_id - assumed 'menu_id' /Library/WebServer/Documents/Sample_CMS/Application/Runtime/Cache/Admin/ccc9ced3ad798311a07cb47b740981c5.php 第 119 行.
NOTIC: [8] Array to string conversion /Library/WebServer/Documents/Sample_CMS/Application/Runtime/Cache/Admin/ccc9ced3ad798311a07cb47b740981c5.php 第 119 行.
INFO: Run Behavior\ParseTemplateBehavior [ RunTime:0.021711s ]
INFO: [ view_parse ] --END-- [ RunTime:0.021803s ]
INFO: [ view_filter ] --START--
INFO: Run Behavior\WriteHtmlCacheBehavior [ RunTime:0.000248s ]
INFO: [ view_filter ] --END-- [ RunTime:0.000339s ]
INFO: [ app_end ] --START--
INFO: Run Behavior\ShowPageTraceBehavior [ RunTime:0.000958s ]
INFO: [ app_end ] --END-- [ RunTime:0.001120s ]

[ 2017-07-13T00:08:46+08:00 ] ::1 /Sample_CMS/admin.php?c=content&a=setStatus
INFO: [ app_init ] --START--
INFO: Run Behavior\BuildLiteBehavior [ RunTime:0.000015s ]
INFO: [ app_init ] --END-- [ RunTime:0.000218s ]
INFO: [ app_begin ] --START--
INFO: Run Behavior\ReadHtmlCacheBehavior [ RunTime:0.000271s ]
INFO: [ app_begin ] --END-- [ RunTime:0.000320s ]
NOTIC: [2] Declaration of Admin\Controller\ContentController::setStatus() should be compatible with Admin\Controller\CommonController::setStatus($data, $models) /Library/WebServer/Documents/Sample_CMS/Application/Admin/Controller/ContentController.class.php 第 14 行.
NOTIC: [2] Declaration of Admin\Controller\ContentController::listorder() should be compatible with Admin\Controller\CommonController::listorder($model = '') /Library/WebServer/Documents/Sample_CMS/Application/Admin/Controller/ContentController.class.php 第 14 行.
NOTIC: [2] Declaration of Common\Model\NewsModel::find($id) should be compatible with Think\Model::find($options = Array) /Library/WebServer/Documents/Sample_CMS/Application/Common/Model/NewsModel.class.php 第 11 行.
SQL: SHOW COLUMNS FROM `cms_news` [ RunTime:0.0242s ]
SQL: UPDATE `cms_news` SET `status`='1' WHERE ( news_id=24 ) [ RunTime:0.0152s ]

[ 2017-07-13T00:08:47+08:00 ] ::1 /Sample_CMS/admin.php?c=content
INFO: [ app_init ] --START--
INFO: Run Behavior\BuildLiteBehavior [ RunTime:0.000040s ]
INFO: [ app_init ] --END-- [ RunTime:0.000332s ]
INFO: [ app_begin ] --START--
INFO: Run Behavior\ReadHtmlCacheBehavior [ RunTime:0.000448s ]
INFO: [ app_begin ] --END-- [ RunTime:0.000526s ]
NOTIC: [2] Declaration of Admin\Controller\ContentController::setStatus() should be compatible with Admin\Controller\CommonController::setStatus($data, $models) /Library/WebServer/Documents/Sample_CMS/Application/Admin/Controller/ContentController.class.php 第 14 行.
NOTIC: [2] Declaration of Admin\Controller\ContentController::listorder() should be compatible with Admin\Controller\CommonController::listorder($model = '') /Library/WebServer/Documents/Sample_CMS/Application/Admin/Controller/ContentController.class.php 第 14 行.
NOTIC: [8] Undefined index: title /Library/WebServer/Documents/Sample_CMS/Application/Admin/Controller/ContentController.class.php 第 20 行.
NOTIC: [8] Undefined index: catid /Library/WebServer/Documents/Sample_CMS/Application/Admin/Controller/ContentController.class.php 第 24 行.
NOTIC: [8] Undefined index: p /Library/WebServer/Documents/Sample_CMS/Application/Admin/Controller/ContentController.class.php 第 28 行.
NOTIC: [2] Declaration of Common\Model\NewsModel::find($id) should be compatible with Think\Model::find($options = Array) /Library/WebServer/Documents/Sample_CMS/Application/Common/Model/NewsModel.class.php 第 11 行.
SQL: SHOW COLUMNS FROM `cms_news` [ RunTime:0.0134s ]
SQL: SELECT * FROM `cms_news` WHERE `status` <> -1 ORDER BY listorder desc ,news_id desc LIMIT 0,10   [ RunTime:0.0108s ]
SQL: SELECT COUNT(*) AS tp_count FROM `cms_news` WHERE `status` <> -1 LIMIT 1   [ RunTime:0.0149s ]
NOTIC: [8] Undefined variable: sing_path /Library/WebServer/Documents/Sample_CMS/ThinkPHP/Common/functions.php 第 991 行.
NOTIC: [2] Declaration of Common\Model\PositionModel::find($id) should be compatible with Think\Model::find($options = Array) /Library/WebServer/Documents/Sample_CMS/Application/Common/Model/PositionModel.class.php 第 81 行.
SQL: SHOW COLUMNS FROM `cms_position` [ RunTime:0.0149s ]
SQL: SELECT * FROM `cms_position` WHERE `status` = 1 ORDER BY id  [ RunTime:0.0098s ]
NOTIC: [8] Undefined index: title /Library/WebServer/Documents/Sample_CMS/Application/Admin/Controller/ContentController.class.php 第 37 行.
NOTIC: [8] Undefined index: catid /Library/WebServer/Documents/Sample_CMS/Application/Admin/Controller/ContentController.class.php 第 38 行.
NOTIC: [2] Declaration of Common\Model\MenuModel::find($id) should be compatible with Think\Model::find($options = Array) /Library/WebServer/Documents/Sample_CMS/Application/Common/Model/MenuModel.class.php 第 109 行.
SQL: SHOW COLUMNS FROM `cms_menu` [ RunTime:0.0100s ]
SQL: SELECT * FROM `cms_menu` WHERE `status` = 1 AND `type` = 0 ORDER BY listorder desc,menu_id desc  [ RunTime:0.0119s ]
INFO: [ view_parse ] --START--
INFO: [ template_filter ] --START--
INFO: Run Behavior\ContentReplaceBehavior [ RunTime:0.000057s ]
INFO: [ template_filter ] --END-- [ RunTime:0.000117s ]
SQL: SELECT * FROM `cms_menu` WHERE `status` <> -1 AND `type` = 1 ORDER BY listorder desc,menu_id desc  [ RunTime:0.0142s ]
NOTIC: [8] Undefined index: a /Library/WebServer/Documents/Sample_CMS/Application/Common/Common/function.php 第 42 行.
NOTIC: [8] Undefined index: a /Library/WebServer/Documents/Sample_CMS/Application/Common/Common/function.php 第 42 行.
NOTIC: [8] Undefined index: a /Library/WebServer/Documents/Sample_CMS/Application/Common/Common/function.php 第 42 行.
NOTIC: [8] Undefined index: a /Library/WebServer/Documents/Sample_CMS/Application/Common/Common/function.php 第 42 行.
NOTIC: [8] Undefined index: a /Library/WebServer/Documents/Sample_CMS/Application/Common/Common/function.php 第 42 行.
NOTIC: [8] Undefined index: a /Library/WebServer/Documents/Sample_CMS/Application/Common/Common/function.php 第 42 行.
NOTIC: [8] Use of undefined constant menu_id - assumed 'menu_id' /Library/WebServer/Documents/Sample_CMS/Application/Runtime/Cache/Admin/ccc9ced3ad798311a07cb47b740981c5.php 第 119 行.
NOTIC: [8] Array to string conversion /Library/WebServer/Documents/Sample_CMS/Application/Runtime/Cache/Admin/ccc9ced3ad798311a07cb47b740981c5.php 第 119 行.
NOTIC: [8] Use of undefined constant menu_id - assumed 'menu_id' /Library/WebServer/Documents/Sample_CMS/Application/Runtime/Cache/Admin/ccc9ced3ad798311a07cb47b740981c5.php 第 119 行.
NOTIC: [8] Array to string conversion /Library/WebServer/Documents/Sample_CMS/Application/Runtime/Cache/Admin/ccc9ced3ad798311a07cb47b740981c5.php 第 119 行.
NOTIC: [8] Use of undefined constant menu_id - assumed 'menu_id' /Library/WebServer/Documents/Sample_CMS/Application/Runtime/Cache/Admin/ccc9ced3ad798311a07cb47b740981c5.php 第 119 行.
NOTIC: [8] Array to string conversion /Library/WebServer/Documents/Sample_CMS/Application/Runtime/Cache/Admin/ccc9ced3ad798311a07cb47b740981c5.php 第 119 行.
INFO: Run Behavior\ParseTemplateBehavior [ RunTime:0.024195s ]
INFO: [ view_parse ] --END-- [ RunTime:0.024350s ]
INFO: [ view_filter ] --START--
INFO: Run Behavior\WriteHtmlCacheBehavior [ RunTime:0.000465s ]
INFO: [ view_filter ] --END-- [ RunTime:0.000587s ]
INFO: [ app_end ] --START--
INFO: Run Behavior\ShowPageTraceBehavior [ RunTime:0.000986s ]
INFO: [ app_end ] --END-- [ RunTime:0.001095s ]

[ 2017-07-13T00:21:29+08:00 ] ::1 /Sample_CMS/admin.php?c=content&a=listorder
INFO: [ app_init ] --START--
INFO: Run Behavior\BuildLiteBehavior [ RunTime:0.000018s ]
INFO: [ app_init ] --END-- [ RunTime:0.000243s ]
INFO: [ app_begin ] --START--
INFO: Run Behavior\ReadHtmlCacheBehavior [ RunTime:0.000268s ]
INFO: [ app_begin ] --END-- [ RunTime:0.000319s ]
NOTIC: [2] Declaration of Admin\Controller\ContentController::setStatus() should be compatible with Admin\Controller\CommonController::setStatus($data, $models) /Library/WebServer/Documents/Sample_CMS/Application/Admin/Controller/ContentController.class.php 第 14 行.
NOTIC: [2] Declaration of Admin\Controller\ContentController::listorder() should be compatible with Admin\Controller\CommonController::listorder($model = '') /Library/WebServer/Documents/Sample_CMS/Application/Admin/Controller/ContentController.class.php 第 14 行.
NOTIC: [2] Declaration of Common\Model\NewsModel::find($id) should be compatible with Think\Model::find($options = Array) /Library/WebServer/Documents/Sample_CMS/Application/Common/Model/NewsModel.class.php 第 11 行.
SQL: SHOW COLUMNS FROM `cms_news` [ RunTime:0.0114s ]
SQL: UPDATE `cms_news` SET `listorder`='10' WHERE ( news_id=23 ) [ RunTime:0.0095s ]
SQL: UPDATE `cms_news` SET `listorder`='2' WHERE ( news_id=21 ) [ RunTime:0.0105s ]
SQL: UPDATE `cms_news` SET `listorder`='1' WHERE ( news_id=24 ) [ RunTime:0.0182s ]
SQL: UPDATE `cms_news` SET `listorder`='3' WHERE ( news_id=22 ) [ RunTime:0.0129s ]

[ 2017-07-13T00:21:30+08:00 ] ::1 /Sample_CMS/admin.php?c=content
INFO: [ app_init ] --START--
INFO: Run Behavior\BuildLiteBehavior [ RunTime:0.000015s ]
INFO: [ app_init ] --END-- [ RunTime:0.000216s ]
INFO: [ app_begin ] --START--
INFO: Run Behavior\ReadHtmlCacheBehavior [ RunTime:0.001330s ]
INFO: [ app_begin ] --END-- [ RunTime:0.001549s ]
NOTIC: [2] Declaration of Admin\Controller\ContentController::setStatus() should be compatible with Admin\Controller\CommonController::setStatus($data, $models) /Library/WebServer/Documents/Sample_CMS/Application/Admin/Controller/ContentController.class.php 第 14 行.
NOTIC: [2] Declaration of Admin\Controller\ContentController::listorder() should be compatible with Admin\Controller\CommonController::listorder($model = '') /Library/WebServer/Documents/Sample_CMS/Application/Admin/Controller/ContentController.class.php 第 14 行.
NOTIC: [8] Undefined index: title /Library/WebServer/Documents/Sample_CMS/Application/Admin/Controller/ContentController.class.php 第 20 行.
NOTIC: [8] Undefined index: catid /Library/WebServer/Documents/Sample_CMS/Application/Admin/Controller/ContentController.class.php 第 24 行.
NOTIC: [8] Undefined index: p /Library/WebServer/Documents/Sample_CMS/Application/Admin/Controller/ContentController.class.php 第 28 行.
NOTIC: [2] Declaration of Common\Model\NewsModel::find($id) should be compatible with Think\Model::find($options = Array) /Library/WebServer/Documents/Sample_CMS/Application/Common/Model/NewsModel.class.php 第 11 行.
SQL: SHOW COLUMNS FROM `cms_news` [ RunTime:0.0111s ]
SQL: SELECT * FROM `cms_news` WHERE `status` <> -1 ORDER BY listorder desc ,news_id desc LIMIT 0,10   [ RunTime:0.0170s ]
SQL: SELECT COUNT(*) AS tp_count FROM `cms_news` WHERE `status` <> -1 LIMIT 1   [ RunTime:0.0110s ]
NOTIC: [8] Undefined variable: sing_path /Library/WebServer/Documents/Sample_CMS/ThinkPHP/Common/functions.php 第 991 行.
NOTIC: [2] Declaration of Common\Model\PositionModel::find($id) should be compatible with Think\Model::find($options = Array) /Library/WebServer/Documents/Sample_CMS/Application/Common/Model/PositionModel.class.php 第 81 行.
SQL: SHOW COLUMNS FROM `cms_position` [ RunTime:0.0130s ]
SQL: SELECT * FROM `cms_position` WHERE `status` = 1 ORDER BY id  [ RunTime:0.0120s ]
NOTIC: [8] Undefined index: title /Library/WebServer/Documents/Sample_CMS/Application/Admin/Controller/ContentController.class.php 第 37 行.
NOTIC: [8] Undefined index: catid /Library/WebServer/Documents/Sample_CMS/Application/Admin/Controller/ContentController.class.php 第 38 行.
NOTIC: [2] Declaration of Common\Model\MenuModel::find($id) should be compatible with Think\Model::find($options = Array) /Library/WebServer/Documents/Sample_CMS/Application/Common/Model/MenuModel.class.php 第 109 行.
SQL: SHOW COLUMNS FROM `cms_menu` [ RunTime:0.0123s ]
SQL: SELECT * FROM `cms_menu` WHERE `status` = 1 AND `type` = 0 ORDER BY listorder desc,menu_id desc  [ RunTime:0.0146s ]
INFO: [ view_parse ] --START--
INFO: [ template_filter ] --START--
INFO: Run Behavior\ContentReplaceBehavior [ RunTime:0.000059s ]
INFO: [ template_filter ] --END-- [ RunTime:0.000123s ]
SQL: SELECT * FROM `cms_menu` WHERE `status` <> -1 AND `type` = 1 ORDER BY listorder desc,menu_id desc  [ RunTime:0.0137s ]
NOTIC: [8] Undefined index: a /Library/WebServer/Documents/Sample_CMS/Application/Common/Common/function.php 第 42 行.
NOTIC: [8] Undefined index: a /Library/WebServer/Documents/Sample_CMS/Application/Common/Common/function.php 第 42 行.
NOTIC: [8] Undefined index: a /Library/WebServer/Documents/Sample_CMS/Application/Common/Common/function.php 第 42 行.
NOTIC: [8] Undefined index: a /Library/WebServer/Documents/Sample_CMS/Application/Common/Common/function.php 第 42 行.
NOTIC: [8] Undefined index: a /Library/WebServer/Documents/Sample_CMS/Application/Common/Common/function.php 第 42 行.
NOTIC: [8] Undefined index: a /Library/WebServer/Documents/Sample_CMS/Application/Common/Common/function.php 第 42 行.
NOTIC: [8] Use of undefined constant menu_id - assumed 'menu_id' /Library/WebServer/Documents/Sample_CMS/Application/Runtime/Cache/Admin/ccc9ced3ad798311a07cb47b740981c5.php 第 119 行.
NOTIC: [8] Array to string conversion /Library/WebServer/Documents/Sample_CMS/Application/Runtime/Cache/Admin/ccc9ced3ad798311a07cb47b740981c5.php 第 119 行.
NOTIC: [8] Use of undefined constant menu_id - assumed 'menu_id' /Library/WebServer/Documents/Sample_CMS/Application/Runtime/Cache/Admin/ccc9ced3ad798311a07cb47b740981c5.php 第 119 行.
NOTIC: [8] Array to string conversion /Library/WebServer/Documents/Sample_CMS/Application/Runtime/Cache/Admin/ccc9ced3ad798311a07cb47b740981c5.php 第 119 行.
NOTIC: [8] Use of undefined constant menu_id - assumed 'menu_id' /Library/WebServer/Documents/Sample_CMS/Application/Runtime/Cache/Admin/ccc9ced3ad798311a07cb47b740981c5.php 第 119 行.
NOTIC: [8] Array to string conversion /Library/WebServer/Documents/Sample_CMS/Application/Runtime/Cache/Admin/ccc9ced3ad798311a07cb47b740981c5.php 第 119 行.
INFO: Run Behavior\ParseTemplateBehavior [ RunTime:0.024548s ]
INFO: [ view_parse ] --END-- [ RunTime:0.024641s ]
INFO: [ view_filter ] --START--
INFO: Run Behavior\WriteHtmlCacheBehavior [ RunTime:0.000248s ]
INFO: [ view_filter ] --END-- [ RunTime:0.000332s ]
INFO: [ app_end ] --START--
INFO: Run Behavior\ShowPageTraceBehavior [ RunTime:0.001089s ]
INFO: [ app_end ] --END-- [ RunTime:0.001295s ]

[ 2017-07-13T00:21:38+08:00 ] ::1 /Sample_CMS/admin.php?c=content&a=listorder
INFO: [ app_init ] --START--
INFO: Run Behavior\BuildLiteBehavior [ RunTime:0.000017s ]
INFO: [ app_init ] --END-- [ RunTime:0.000229s ]
INFO: [ app_begin ] --START--
INFO: Run Behavior\ReadHtmlCacheBehavior [ RunTime:0.000263s ]
INFO: [ app_begin ] --END-- [ RunTime:0.000351s ]
NOTIC: [2] Declaration of Admin\Controller\ContentController::setStatus() should be compatible with Admin\Controller\CommonController::setStatus($data, $models) /Library/WebServer/Documents/Sample_CMS/Application/Admin/Controller/ContentController.class.php 第 14 行.
NOTIC: [2] Declaration of Admin\Controller\ContentController::listorder() should be compatible with Admin\Controller\CommonController::listorder($model = '') /Library/WebServer/Documents/Sample_CMS/Application/Admin/Controller/ContentController.class.php 第 14 行.
NOTIC: [2] Declaration of Common\Model\NewsModel::find($id) should be compatible with Think\Model::find($options = Array) /Library/WebServer/Documents/Sample_CMS/Application/Common/Model/NewsModel.class.php 第 11 行.
SQL: SHOW COLUMNS FROM `cms_news` [ RunTime:0.0148s ]
SQL: UPDATE `cms_news` SET `listorder`='10' WHERE ( news_id=23 ) [ RunTime:0.0100s ]
SQL: UPDATE `cms_news` SET `listorder`='0' WHERE ( news_id=22 ) [ RunTime:0.0106s ]
SQL: UPDATE `cms_news` SET `listorder`='2' WHERE ( news_id=21 ) [ RunTime:0.0096s ]
SQL: UPDATE `cms_news` SET `listorder`='1' WHERE ( news_id=24 ) [ RunTime:0.0114s ]

[ 2017-07-13T00:21:39+08:00 ] ::1 /Sample_CMS/admin.php?c=content
INFO: [ app_init ] --START--
INFO: Run Behavior\BuildLiteBehavior [ RunTime:0.000018s ]
INFO: [ app_init ] --END-- [ RunTime:0.000224s ]
INFO: [ app_begin ] --START--
INFO: Run Behavior\ReadHtmlCacheBehavior [ RunTime:0.000414s ]
INFO: [ app_begin ] --END-- [ RunTime:0.000489s ]
NOTIC: [2] Declaration of Admin\Controller\ContentController::setStatus() should be compatible with Admin\Controller\CommonController::setStatus($data, $models) /Library/WebServer/Documents/Sample_CMS/Application/Admin/Controller/ContentController.class.php 第 14 行.
NOTIC: [2] Declaration of Admin\Controller\ContentController::listorder() should be compatible with Admin\Controller\CommonController::listorder($model = '') /Library/WebServer/Documents/Sample_CMS/Application/Admin/Controller/ContentController.class.php 第 14 行.
NOTIC: [8] Undefined index: title /Library/WebServer/Documents/Sample_CMS/Application/Admin/Controller/ContentController.class.php 第 20 行.
NOTIC: [8] Undefined index: catid /Library/WebServer/Documents/Sample_CMS/Application/Admin/Controller/ContentController.class.php 第 24 行.
NOTIC: [8] Undefined index: p /Library/WebServer/Documents/Sample_CMS/Application/Admin/Controller/ContentController.class.php 第 28 行.
NOTIC: [2] Declaration of Common\Model\NewsModel::find($id) should be compatible with Think\Model::find($options = Array) /Library/WebServer/Documents/Sample_CMS/Application/Common/Model/NewsModel.class.php 第 11 行.
SQL: SHOW COLUMNS FROM `cms_news` [ RunTime:0.0125s ]
SQL: SELECT * FROM `cms_news` WHERE `status` <> -1 ORDER BY listorder desc ,news_id desc LIMIT 0,10   [ RunTime:0.0117s ]
SQL: SELECT COUNT(*) AS tp_count FROM `cms_news` WHERE `status` <> -1 LIMIT 1   [ RunTime:0.0109s ]
NOTIC: [8] Undefined variable: sing_path /Library/WebServer/Documents/Sample_CMS/ThinkPHP/Common/functions.php 第 991 行.
NOTIC: [2] Declaration of Common\Model\PositionModel::find($id) should be compatible with Think\Model::find($options = Array) /Library/WebServer/Documents/Sample_CMS/Application/Common/Model/PositionModel.class.php 第 81 行.
SQL: SHOW COLUMNS FROM `cms_position` [ RunTime:0.0106s ]
SQL: SELECT * FROM `cms_position` WHERE `status` = 1 ORDER BY id  [ RunTime:0.0104s ]
NOTIC: [8] Undefined index: title /Library/WebServer/Documents/Sample_CMS/Application/Admin/Controller/ContentController.class.php 第 37 行.
NOTIC: [8] Undefined index: catid /Library/WebServer/Documents/Sample_CMS/Application/Admin/Controller/ContentController.class.php 第 38 行.
NOTIC: [2] Declaration of Common\Model\MenuModel::find($id) should be compatible with Think\Model::find($options = Array) /Library/WebServer/Documents/Sample_CMS/Application/Common/Model/MenuModel.class.php 第 109 行.
SQL: SHOW COLUMNS FROM `cms_menu` [ RunTime:0.0125s ]
SQL: SELECT * FROM `cms_menu` WHERE `status` = 1 AND `type` = 0 ORDER BY listorder desc,menu_id desc  [ RunTime:0.0107s ]
INFO: [ view_parse ] --START--
INFO: [ template_filter ] --START--
INFO: Run Behavior\ContentReplaceBehavior [ RunTime:0.000055s ]
INFO: [ template_filter ] --END-- [ RunTime:0.000152s ]
SQL: SELECT * FROM `cms_menu` WHERE `status` <> -1 AND `type` = 1 ORDER BY listorder desc,menu_id desc  [ RunTime:0.0108s ]
NOTIC: [8] Undefined index: a /Library/WebServer/Documents/Sample_CMS/Application/Common/Common/function.php 第 42 行.
NOTIC: [8] Undefined index: a /Library/WebServer/Documents/Sample_CMS/Application/Common/Common/function.php 第 42 行.
NOTIC: [8] Undefined index: a /Library/WebServer/Documents/Sample_CMS/Application/Common/Common/function.php 第 42 行.
NOTIC: [8] Undefined index: a /Library/WebServer/Documents/Sample_CMS/Application/Common/Common/function.php 第 42 行.
NOTIC: [8] Undefined index: a /Library/WebServer/Documents/Sample_CMS/Application/Common/Common/function.php 第 42 行.
NOTIC: [8] Undefined index: a /Library/WebServer/Documents/Sample_CMS/Application/Common/Common/function.php 第 42 行.
NOTIC: [8] Use of undefined constant menu_id - assumed 'menu_id' /Library/WebServer/Documents/Sample_CMS/Application/Runtime/Cache/Admin/ccc9ced3ad798311a07cb47b740981c5.php 第 119 行.
NOTIC: [8] Array to string conversion /Library/WebServer/Documents/Sample_CMS/Application/Runtime/Cache/Admin/ccc9ced3ad798311a07cb47b740981c5.php 第 119 行.
NOTIC: [8] Use of undefined constant menu_id - assumed 'menu_id' /Library/WebServer/Documents/Sample_CMS/Application/Runtime/Cache/Admin/ccc9ced3ad798311a07cb47b740981c5.php 第 119 行.
NOTIC: [8] Array to string conversion /Library/WebServer/Documents/Sample_CMS/Application/Runtime/Cache/Admin/ccc9ced3ad798311a07cb47b740981c5.php 第 119 行.
NOTIC: [8] Use of undefined constant menu_id - assumed 'menu_id' /Library/WebServer/Documents/Sample_CMS/Application/Runtime/Cache/Admin/ccc9ced3ad798311a07cb47b740981c5.php 第 119 行.
NOTIC: [8] Array to string conversion /Library/WebServer/Documents/Sample_CMS/Application/Runtime/Cache/Admin/ccc9ced3ad798311a07cb47b740981c5.php 第 119 行.
INFO: Run Behavior\ParseTemplateBehavior [ RunTime:0.022122s ]
INFO: [ view_parse ] --END-- [ RunTime:0.022291s ]
INFO: [ view_filter ] --START--
INFO: Run Behavior\WriteHtmlCacheBehavior [ RunTime:0.000395s ]
INFO: [ view_filter ] --END-- [ RunTime:0.000538s ]
INFO: [ app_end ] --START--
INFO: Run Behavior\ShowPageTraceBehavior [ RunTime:0.000691s ]
INFO: [ app_end ] --END-- [ RunTime:0.000822s ]

